Using pre-set license
Built from '2022.3/release' branch; Version is '2022.3.20f1 (61c2feb0970d) revision 6406910'; Using compiler version '192829333'; Build Type 'Release'
OS: 'Windows 10  (10.0.19045) 64bit CoreSingleLanguage' Language: 'en' Physical Memory: 8070 MB
BatchMode: 1, IsHumanControllingUs: 0, StartBugReporterOnCrash: 0, Is64bit: 1, IsPro: 1

COMMAND LINE ARGUMENTS:
C:\Program Files\Unity\Hub\Editor\2022.3.20f1\Editor\Unity.exe
-adb2
-batchMode
-noUpm
-name
AssetImportWorker0
-projectPath
D:/UnityExercise/Create With Code/GameCity
-logFile
Logs/AssetImportWorker0.log
-srvPort
57207
Successfully changed project path to: D:/UnityExercise/Create With Code/GameCity
D:/UnityExercise/Create With Code/GameCity
[UnityMemory] Configuration Parameters - Can be set up in boot.config
    "memorysetup-bucket-allocator-granularity=16"
    "memorysetup-bucket-allocator-bucket-count=8"
    "memorysetup-bucket-allocator-block-size=33554432"
    "memorysetup-bucket-allocator-block-count=8"
    "memorysetup-main-allocator-block-size=16777216"
    "memorysetup-thread-allocator-block-size=16777216"
    "memorysetup-gfx-main-allocator-block-size=16777216"
    "memorysetup-gfx-thread-allocator-block-size=16777216"
    "memorysetup-cache-allocator-block-size=4194304"
    "memorysetup-typetree-allocator-block-size=2097152"
    "memorysetup-profiler-bucket-allocator-granularity=16"
    "memorysetup-profiler-bucket-allocator-bucket-count=8"
    "memorysetup-profiler-bucket-allocator-block-size=33554432"
    "memorysetup-profiler-bucket-allocator-block-count=8"
    "memorysetup-profiler-allocator-block-size=16777216"
    "memorysetup-profiler-editor-allocator-block-size=1048576"
    "memorysetup-temp-allocator-size-main=16777216"
    "memorysetup-job-temp-allocator-block-size=2097152"
    "memorysetup-job-temp-allocator-block-size-background=1048576"
    "memorysetup-job-temp-allocator-reduction-small-platforms=262144"
    "memorysetup-allocator-temp-initial-block-size-main=262144"
    "memorysetup-allocator-temp-initial-block-size-worker=262144"
    "memorysetup-temp-allocator-size-background-worker=32768"
    "memorysetup-temp-allocator-size-job-worker=262144"
    "memorysetup-temp-allocator-size-preload-manager=33554432"
    "memorysetup-temp-allocator-size-nav-mesh-worker=65536"
    "memorysetup-temp-allocator-size-audio-worker=65536"
    "memorysetup-temp-allocator-size-cloud-worker=32768"
    "memorysetup-temp-allocator-size-gi-baking-worker=262144"
    "memorysetup-temp-allocator-size-gfx=262144"
Player connection [12520] Host "[IP] 192.168.1.5 [Port] 0 [Flags] 2 [Guid] 2444690201 [EditorId] 2444690201 [Version] 1048832 [Id] WindowsEditor(7,DESKTOP-680FLLJ) [Debug] 1 [PackageName] WindowsEditor [ProjectName] Editor" joined multi-casting on [225.0.0.222:54997]...

Player connection [12520] Host "[IP] 192.168.1.5 [Port] 0 [Flags] 2 [Guid] 2444690201 [EditorId] 2444690201 [Version] 1048832 [Id] WindowsEditor(7,DESKTOP-680FLLJ) [Debug] 1 [PackageName] WindowsEditor [ProjectName] Editor" joined alternative multi-casting on [225.0.0.222:34997]...

[Physics::Module] Initialized MultithreadedJobDispatcher with 7 workers.
Refreshing native plugins compatible for Editor in 15.80 ms, found 3 plugins.
Preloading 0 native plugins for Editor in 0.00 ms.
Initialize engine version: 2022.3.20f1 (61c2feb0970d)
[Subsystems] Discovering subsystems at path C:/Program Files/Unity/Hub/Editor/2022.3.20f1/Editor/Data/Resources/UnitySubsystems
[Subsystems] Discovering subsystems at path D:/UnityExercise/Create With Code/GameCity/Assets
GfxDevice: creating device client; threaded=0; jobified=0
Direct3D:
    Version:  Direct3D 11.0 [level 11.0]
    Renderer: NVIDIA GeForce MX130 (ID=0x174d)
    Vendor:   NVIDIA
    VRAM:     2008 MB
    Driver:   31.0.15.4633
Initialize mono
Mono path[0] = 'C:/Program Files/Unity/Hub/Editor/2022.3.20f1/Editor/Data/Managed'
Mono path[1] = 'C:/Program Files/Unity/Hub/Editor/2022.3.20f1/Editor/Data/MonoBleedingEdge/lib/mono/unityjit-win32'
Mono config path = 'C:/Program Files/Unity/Hub/Editor/2022.3.20f1/Editor/Data/MonoBleedingEdge/etc'
Using monoOptions --debugger-agent=transport=dt_socket,embedding=1,server=y,suspend=n,address=127.0.0.1:56016
Begin MonoManager ReloadAssembly
Registering precompiled unity dll's ...
Register platform support module: C:/Program Files/Unity/Hub/Editor/2022.3.20f1/Editor/Data/PlaybackEngines/WebGLSupport/UnityEditor.WebGL.Extensions.dll
Register platform support module: C:/Program Files/Unity/Hub/Editor/2022.3.20f1/Editor/Data/PlaybackEngines/iOSSupport/UnityEditor.iOS.Extensions.dll
Register platform support module: C:/Program Files/Unity/Hub/Editor/2022.3.20f1/Editor/Data/PlaybackEngines/WindowsStandaloneSupport/UnityEditor.WindowsStandalone.Extensions.dll
Registered in 0.033902 seconds.
- Loaded All Assemblies, in  0.878 seconds
Native extension for WindowsStandalone target not found
[usbmuxd] Start listen thread
[usbmuxd] Listen thread started
Native extension for iOS target not found
Native extension for WebGL target not found
Mono: successfully reloaded assembly
- Finished resetting the current domain, in  0.674 seconds
Domain Reload Profiling: 1546ms
	BeginReloadAssembly (269ms)
		ExecutionOrderSort (0ms)
		DisableScriptedObjects (0ms)
		BackupInstance (0ms)
		ReleaseScriptingObjects (0ms)
		CreateAndSetChildDomain (2ms)
	RebuildCommonClasses (82ms)
	RebuildNativeTypeToScriptingClass (25ms)
	initialDomainReloadingComplete (152ms)
	LoadAllAssembliesAndSetupDomain (344ms)
		LoadAssemblies (265ms)
		RebuildTransferFunctionScriptingTraits (0ms)
		AnalyzeDomain (338ms)
			TypeCache.Refresh (336ms)
				TypeCache.ScanAssembly (302ms)
			ScanForSourceGeneratedMonoScriptInfo (1ms)
			ResolveRequiredComponents (1ms)
	FinalizeReload (674ms)
		ReleaseScriptCaches (0ms)
		RebuildScriptCaches (0ms)
		SetupLoadedEditorAssemblies (539ms)
			LogAssemblyErrors (0ms)
			InitializePlatformSupportModulesInManaged (86ms)
			SetLoadedEditorAssemblies (14ms)
			RefreshPlugins (0ms)
			BeforeProcessingInitializeOnLoad (6ms)
			ProcessInitializeOnLoadAttributes (329ms)
			ProcessInitializeOnLoadMethodAttributes (104ms)
			AfterProcessingInitializeOnLoad (0ms)
			EditorAssembliesLoaded (0ms)
		ExecutionOrderSort2 (0ms)
		AwakeInstancesAfterBackupRestoration (0ms)
========================================================================
Worker process is ready to serve import requests
Begin MonoManager ReloadAssembly
- Loaded All Assemblies, in  2.834 seconds
Refreshing native plugins compatible for Editor in 11.19 ms, found 3 plugins.
Native extension for WindowsStandalone target not found
Native extension for iOS target not found
Native extension for WebGL target not found
Package Manager log level set to [2]
[Package Manager] Server::EnsureServerProcessIsRunning -- launch failed, reason: Unity was launched with the -noUpm command-line argument
[Package Manager] UpmClient::Send -- Unable to send message (not connected to UPM process).
[Package Manager] Cannot connect to Unity Package Manager local server
Mono: successfully reloaded assembly
- Finished resetting the current domain, in  3.987 seconds
Domain Reload Profiling: 6818ms
	BeginReloadAssembly (397ms)
		ExecutionOrderSort (0ms)
		DisableScriptedObjects (13ms)
		BackupInstance (0ms)
		ReleaseScriptingObjects (0ms)
		CreateAndSetChildDomain (48ms)
	RebuildCommonClasses (201ms)
	RebuildNativeTypeToScriptingClass (37ms)
	initialDomainReloadingComplete (139ms)
	LoadAllAssembliesAndSetupDomain (2056ms)
		LoadAssemblies (1101ms)
		RebuildTransferFunctionScriptingTraits (0ms)
		AnalyzeDomain (1200ms)
			TypeCache.Refresh (1083ms)
				TypeCache.ScanAssembly (1015ms)
			ScanForSourceGeneratedMonoScriptInfo (77ms)
			ResolveRequiredComponents (33ms)
	FinalizeReload (3988ms)
		ReleaseScriptCaches (0ms)
		RebuildScriptCaches (0ms)
		SetupLoadedEditorAssemblies (3227ms)
			LogAssemblyErrors (0ms)
			InitializePlatformSupportModulesInManaged (137ms)
			SetLoadedEditorAssemblies (22ms)
			RefreshPlugins (0ms)
			BeforeProcessingInitializeOnLoad (496ms)
			ProcessInitializeOnLoadAttributes (2467ms)
			ProcessInitializeOnLoadMethodAttributes (70ms)
			AfterProcessingInitializeOnLoad (33ms)
			EditorAssembliesLoaded (1ms)
		ExecutionOrderSort2 (0ms)
		AwakeInstancesAfterBackupRestoration (23ms)
Launched and connected shader compiler UnityShaderCompiler.exe after 0.13 seconds
Refreshing native plugins compatible for Editor in 7.78 ms, found 3 plugins.
Preloading 0 native plugins for Editor in 0.00 ms.
Unloading 3114 Unused Serialized files (Serialized files now loaded: 0)
Unloading 32 unused Assets / (57.8 KB). Loaded Objects now: 3594.
Memory consumption went from 138.3 MB to 138.3 MB.
Total: 13.622000 ms (FindLiveObjects: 0.558000 ms CreateObjectMapping: 0.555800 ms MarkObjects: 12.152700 ms  DeleteObjects: 0.353200 ms)

AssetImportParameters requested are different than current active one (requested -> active):
  custom:container-demuxer-ogg: 62fdf1f143b41e24485cea50d1cbac27 -> 
  custom:video-decoder-ogg-theora: a1e56fd34408186e4bbccfd4996cb3dc -> 
  custom:framework-win-MediaFoundation: 216162199b28c13a410421893ffa2e32 -> 
  custom:CustomObjectIndexerAttribute: 6d391050e5a25f67b0a2c618074f2cd9 -> 
  custom:container-demuxer-webm: 4f35f7cbe854078d1ac9338744f61a02 -> 
  custom:container-muxer-webm: aa71ff27fc2769a1b78a27578f13a17b -> 
  custom:video-decoder-webm-vp8: 9c59270c3fd7afecdb556c50c9e8de78 -> 
  custom:SearchIndexIgnoredProperties: e643bd26f0fe6173181afceb89e7c659 -> 
  custom:AudioImporter_EditorPlatform: d09bf68614088b80899f8185d706f6e7 -> 
  custom:video-encoder-webm-vp8: eb34c28f22e8b96e1ab97ce403110664 -> 
  custom:audio-decoder-ogg-vorbis: bf7c407c2cedff20999df2af8eb42d56 -> 
  custom:audio-encoder-webm-vorbis: bf7c407c2cedff20999df2af8eb42d56 -> 
========================================================================
Received Prepare
Begin MonoManager ReloadAssembly
- Loaded All Assemblies, in  1.578 seconds
Refreshing native plugins compatible for Editor in 8.37 ms, found 3 plugins.
Native extension for WindowsStandalone target not found
Native extension for iOS target not found
Native extension for WebGL target not found
[Package Manager] Server::EnsureServerProcessIsRunning -- launch failed, reason: Unity was launched with the -noUpm command-line argument
[Package Manager] UpmClient::Send -- Unable to send message (not connected to UPM process).
[Package Manager] Cannot connect to Unity Package Manager local server
Mono: successfully reloaded assembly
- Finished resetting the current domain, in  3.416 seconds
Domain Reload Profiling: 4985ms
	BeginReloadAssembly (461ms)
		ExecutionOrderSort (0ms)
		DisableScriptedObjects (16ms)
		BackupInstance (0ms)
		ReleaseScriptingObjects (0ms)
		CreateAndSetChildDomain (101ms)
	RebuildCommonClasses (109ms)
	RebuildNativeTypeToScriptingClass (32ms)
	initialDomainReloadingComplete (97ms)
	LoadAllAssembliesAndSetupDomain (868ms)
		LoadAssemblies (953ms)
		RebuildTransferFunctionScriptingTraits (0ms)
		AnalyzeDomain (189ms)
			TypeCache.Refresh (27ms)
				TypeCache.ScanAssembly (1ms)
			ScanForSourceGeneratedMonoScriptInfo (138ms)
			ResolveRequiredComponents (18ms)
	FinalizeReload (3417ms)
		ReleaseScriptCaches (0ms)
		RebuildScriptCaches (0ms)
		SetupLoadedEditorAssemblies (2008ms)
			LogAssemblyErrors (0ms)
			InitializePlatformSupportModulesInManaged (94ms)
			SetLoadedEditorAssemblies (12ms)
			RefreshPlugins (0ms)
			BeforeProcessingInitializeOnLoad (284ms)
			ProcessInitializeOnLoadAttributes (1553ms)
			ProcessInitializeOnLoadMethodAttributes (44ms)
			AfterProcessingInitializeOnLoad (21ms)
			EditorAssembliesLoaded (0ms)
		ExecutionOrderSort2 (0ms)
		AwakeInstancesAfterBackupRestoration (15ms)
Refreshing native plugins compatible for Editor in 3.23 ms, found 3 plugins.
Preloading 0 native plugins for Editor in 0.00 ms.
Unloading 3094 Unused Serialized files (Serialized files now loaded: 0)
Unloading 23 unused Assets / (31.1 KB). Loaded Objects now: 3597.
Memory consumption went from 135.9 MB to 135.8 MB.
Total: 5.007200 ms (FindLiveObjects: 0.363900 ms CreateObjectMapping: 0.377000 ms MarkObjects: 4.200600 ms  DeleteObjects: 0.064300 ms)

Prepare: number of updated asset objects reloaded= 0
AssetImportParameters requested are different than current active one (requested -> active):
  custom:container-demuxer-ogg: 62fdf1f143b41e24485cea50d1cbac27 -> 
  custom:video-decoder-ogg-theora: a1e56fd34408186e4bbccfd4996cb3dc -> 
  custom:framework-win-MediaFoundation: 216162199b28c13a410421893ffa2e32 -> 
  custom:CustomObjectIndexerAttribute: 6d391050e5a25f67b0a2c618074f2cd9 -> 
  custom:container-demuxer-webm: 4f35f7cbe854078d1ac9338744f61a02 -> 
  custom:container-muxer-webm: aa71ff27fc2769a1b78a27578f13a17b -> 
  custom:video-decoder-webm-vp8: 9c59270c3fd7afecdb556c50c9e8de78 -> 
  custom:SearchIndexIgnoredProperties: e643bd26f0fe6173181afceb89e7c659 -> 
  custom:AudioImporter_EditorPlatform: d09bf68614088b80899f8185d706f6e7 -> 
  custom:video-encoder-webm-vp8: eb34c28f22e8b96e1ab97ce403110664 -> 
  custom:audio-decoder-ogg-vorbis: bf7c407c2cedff20999df2af8eb42d56 -> 
  custom:audio-encoder-webm-vorbis: bf7c407c2cedff20999df2af8eb42d56 -> 
========================================================================
Received Prepare
Begin MonoManager ReloadAssembly
- Loaded All Assemblies, in  0.855 seconds
Refreshing native plugins compatible for Editor in 4.44 ms, found 3 plugins.
Native extension for WindowsStandalone target not found
Native extension for iOS target not found
Native extension for WebGL target not found
[Package Manager] Server::EnsureServerProcessIsRunning -- launch failed, reason: Unity was launched with the -noUpm command-line argument
[Package Manager] UpmClient::Send -- Unable to send message (not connected to UPM process).
[Package Manager] Cannot connect to Unity Package Manager local server
Mono: successfully reloaded assembly
- Finished resetting the current domain, in  2.887 seconds
Domain Reload Profiling: 3737ms
	BeginReloadAssembly (296ms)
		ExecutionOrderSort (0ms)
		DisableScriptedObjects (13ms)
		BackupInstance (0ms)
		ReleaseScriptingObjects (0ms)
		CreateAndSetChildDomain (66ms)
	RebuildCommonClasses (66ms)
	RebuildNativeTypeToScriptingClass (23ms)
	initialDomainReloadingComplete (60ms)
	LoadAllAssembliesAndSetupDomain (404ms)
		LoadAssemblies (537ms)
		RebuildTransferFunctionScriptingTraits (0ms)
		AnalyzeDomain (26ms)
			TypeCache.Refresh (13ms)
				TypeCache.ScanAssembly (0ms)
			ScanForSourceGeneratedMonoScriptInfo (0ms)
			ResolveRequiredComponents (11ms)
	FinalizeReload (2888ms)
		ReleaseScriptCaches (0ms)
		RebuildScriptCaches (0ms)
		SetupLoadedEditorAssemblies (2025ms)
			LogAssemblyErrors (0ms)
			InitializePlatformSupportModulesInManaged (56ms)
			SetLoadedEditorAssemblies (13ms)
			RefreshPlugins (0ms)
			BeforeProcessingInitializeOnLoad (213ms)
			ProcessInitializeOnLoadAttributes (1646ms)
			ProcessInitializeOnLoadMethodAttributes (65ms)
			AfterProcessingInitializeOnLoad (33ms)
			EditorAssembliesLoaded (0ms)
		ExecutionOrderSort2 (0ms)
		AwakeInstancesAfterBackupRestoration (21ms)
Refreshing native plugins compatible for Editor in 6.51 ms, found 3 plugins.
Preloading 0 native plugins for Editor in 0.00 ms.
Unloading 3094 Unused Serialized files (Serialized files now loaded: 0)
Unloading 23 unused Assets / (31.1 KB). Loaded Objects now: 3600.
Memory consumption went from 137.8 MB to 137.8 MB.
Total: 8.104100 ms (FindLiveObjects: 0.480700 ms CreateObjectMapping: 0.431600 ms MarkObjects: 7.091300 ms  DeleteObjects: 0.098700 ms)

Prepare: number of updated asset objects reloaded= 0
AssetImportParameters requested are different than current active one (requested -> active):
  custom:container-demuxer-ogg: 62fdf1f143b41e24485cea50d1cbac27 -> 
  custom:video-decoder-ogg-theora: a1e56fd34408186e4bbccfd4996cb3dc -> 
  custom:framework-win-MediaFoundation: 216162199b28c13a410421893ffa2e32 -> 
  custom:CustomObjectIndexerAttribute: 6d391050e5a25f67b0a2c618074f2cd9 -> 
  custom:container-demuxer-webm: 4f35f7cbe854078d1ac9338744f61a02 -> 
  custom:container-muxer-webm: aa71ff27fc2769a1b78a27578f13a17b -> 
  custom:video-decoder-webm-vp8: 9c59270c3fd7afecdb556c50c9e8de78 -> 
  custom:SearchIndexIgnoredProperties: e643bd26f0fe6173181afceb89e7c659 -> 
  custom:AudioImporter_EditorPlatform: d09bf68614088b80899f8185d706f6e7 -> 
  custom:video-encoder-webm-vp8: eb34c28f22e8b96e1ab97ce403110664 -> 
  custom:audio-decoder-ogg-vorbis: bf7c407c2cedff20999df2af8eb42d56 -> 
  custom:audio-encoder-webm-vorbis: bf7c407c2cedff20999df2af8eb42d56 -> 
========================================================================
Received Import Request.
  Time since last request: 41107.087096 seconds.
  path: Assets/AssetImport/Homeless_people/Free_Scavenger/Prefab/Scavenger Variant.prefab
  artifactKey: Guid(00735cd7a4de4054c960c1e508755f64) Importer(815301076,1909f56bfc062723c751e8b465ee728b)
Start importing Assets/AssetImport/Homeless_people/Free_Scavenger/Prefab/Scavenger Variant.prefab using Guid(00735cd7a4de4054c960c1e508755f64) Importer(815301076,1909f56bfc062723c751e8b465ee728b)  -> (artifact id: 'b549e4b9d91126a15290df58f9e56f4a') in 0.469362 seconds
Number of updated asset objects reloaded before import = 0
Number of asset objects unloaded after import = 254
========================================================================
Received Import Request.
  Time since last request: 18.002503 seconds.
  path: Assets/AssetImport/Cars
  artifactKey: Guid(31dc6f7a86d2f3a4285355d191588bb5) Importer(815301076,1909f56bfc062723c751e8b465ee728b)
Start importing Assets/AssetImport/Cars using Guid(31dc6f7a86d2f3a4285355d191588bb5) Importer(815301076,1909f56bfc062723c751e8b465ee728b)  -> (artifact id: 'b1231305315f1974055243cff801148b') in 0.000653 seconds
Number of updated asset objects reloaded before import = 0
Number of asset objects unloaded after import = 0
========================================================================
Received Import Request.
  Time since last request: 5.241094 seconds.
  path: Assets/Prefabs/Car.prefab
  artifactKey: Guid(875f7a8869bda91468e72c1243af1763) Importer(815301076,1909f56bfc062723c751e8b465ee728b)
Start importing Assets/Prefabs/Car.prefab using Guid(875f7a8869bda91468e72c1243af1763) Importer(815301076,1909f56bfc062723c751e8b465ee728b)  -> (artifact id: 'c75e4165aae3a7e86ad3e71b50b6cdc9') in 0.034286 seconds
Number of updated asset objects reloaded before import = 0
Number of asset objects unloaded after import = 50
========================================================================
Received Import Request.
  Time since last request: 0.000032 seconds.
  path: Assets/Prefabs/Subaruu_Impreeza_WRC.prefab
  artifactKey: Guid(fb3128ab9bd1e0a42a5665aa1c6762c8) Importer(815301076,1909f56bfc062723c751e8b465ee728b)
Start importing Assets/Prefabs/Subaruu_Impreeza_WRC.prefab using Guid(fb3128ab9bd1e0a42a5665aa1c6762c8) Importer(815301076,1909f56bfc062723c751e8b465ee728b)  -> (artifact id: 'f42277913254531e7558260a777b8953') in 0.019029 seconds
Number of updated asset objects reloaded before import = 0
Number of asset objects unloaded after import = 46
========================================================================
Received Import Request.
  Time since last request: 0.000026 seconds.
  path: Assets/Prefabs/Toyotta_Celicca_GT.prefab
  artifactKey: Guid(06806f99e1fe9de4dbfd2ccb315daf0a) Importer(815301076,1909f56bfc062723c751e8b465ee728b)
Start importing Assets/Prefabs/Toyotta_Celicca_GT.prefab using Guid(06806f99e1fe9de4dbfd2ccb315daf0a) Importer(815301076,1909f56bfc062723c751e8b465ee728b)  -> (artifact id: 'e30e175a74518768449b404f6d511ae6') in 0.030498 seconds
Number of updated asset objects reloaded before import = 0
Number of asset objects unloaded after import = 46
========================================================================
Received Import Request.
  Time since last request: 0.000024 seconds.
  path: Assets/Prefabs/Porschee_959_Paris_Dakar.prefab
  artifactKey: Guid(be267537e00132e4caa4d7cae46a105d) Importer(815301076,1909f56bfc062723c751e8b465ee728b)
Start importing Assets/Prefabs/Porschee_959_Paris_Dakar.prefab using Guid(be267537e00132e4caa4d7cae46a105d) Importer(815301076,1909f56bfc062723c751e8b465ee728b)  -> (artifact id: '35ab158fd962816c11a50b2f32272399') in 0.025183 seconds
Number of updated asset objects reloaded before import = 0
Number of asset objects unloaded after import = 46
========================================================================
Received Import Request.
  Time since last request: 0.000035 seconds.
  path: Assets/Prefabs/Suzooki_Escudoo.prefab
  artifactKey: Guid(a2790a1407c9c7b4c8e38b6e79838921) Importer(815301076,1909f56bfc062723c751e8b465ee728b)
Start importing Assets/Prefabs/Suzooki_Escudoo.prefab using Guid(a2790a1407c9c7b4c8e38b6e79838921) Importer(815301076,1909f56bfc062723c751e8b465ee728b)  -> (artifact id: 'ad7b5cb17235f058029c1b09e4b299d7') in 0.033215 seconds
Number of updated asset objects reloaded before import = 0
Number of asset objects unloaded after import = 46
========================================================================
Received Import Request.
  Time since last request: 0.000039 seconds.
  path: Assets/Prefabs/Rinault_Alpine_A110.prefab
  artifactKey: Guid(b1d96a64d0687b248b27a86e2538ca26) Importer(815301076,1909f56bfc062723c751e8b465ee728b)
Start importing Assets/Prefabs/Rinault_Alpine_A110.prefab using Guid(b1d96a64d0687b248b27a86e2538ca26) Importer(815301076,1909f56bfc062723c751e8b465ee728b)  -> (artifact id: 'fcb84d308b5dcdb9e64edc6870fef4ac') in 0.027461 seconds
Number of updated asset objects reloaded before import = 0
Number of asset objects unloaded after import = 46
========================================================================
Received Import Request.
  Time since last request: 13.688138 seconds.
  path: Assets/AssetImport/Model_Player
  artifactKey: Guid(5483deada3167844788ddebde4432ad1) Importer(815301076,1909f56bfc062723c751e8b465ee728b)
Start importing Assets/AssetImport/Model_Player using Guid(5483deada3167844788ddebde4432ad1) Importer(815301076,1909f56bfc062723c751e8b465ee728b)  -> (artifact id: 'd66434c7a1cb93cf140a77c5db256726') in 0.000621 seconds
Number of updated asset objects reloaded before import = 0
Number of asset objects unloaded after import = 0
========================================================================
Received Import Request.
  Time since last request: 7.747434 seconds.
  path: Assets/AssetImport/Main
  artifactKey: Guid(819c36e501ec5b24999961de34cec1c6) Importer(815301076,1909f56bfc062723c751e8b465ee728b)
Start importing Assets/AssetImport/Main using Guid(819c36e501ec5b24999961de34cec1c6) Importer(815301076,1909f56bfc062723c751e8b465ee728b)  -> (artifact id: '4871c13a451decfcad120daf81b9b596') in 0.000496 seconds
Number of updated asset objects reloaded before import = 0
Number of asset objects unloaded after import = 0
========================================================================
Received Prepare
Begin MonoManager ReloadAssembly
- Loaded All Assemblies, in  0.825 seconds
Refreshing native plugins compatible for Editor in 3.28 ms, found 3 plugins.
Native extension for WindowsStandalone target not found
Native extension for iOS target not found
Native extension for WebGL target not found
[Package Manager] Server::EnsureServerProcessIsRunning -- launch failed, reason: Unity was launched with the -noUpm command-line argument
[Package Manager] UpmClient::Send -- Unable to send message (not connected to UPM process).
[Package Manager] Cannot connect to Unity Package Manager local server
Mono: successfully reloaded assembly
- Finished resetting the current domain, in  2.589 seconds
Domain Reload Profiling: 3410ms
	BeginReloadAssembly (277ms)
		ExecutionOrderSort (0ms)
		DisableScriptedObjects (9ms)
		BackupInstance (0ms)
		ReleaseScriptingObjects (0ms)
		CreateAndSetChildDomain (61ms)
	RebuildCommonClasses (68ms)
	RebuildNativeTypeToScriptingClass (23ms)
	initialDomainReloadingComplete (71ms)
	LoadAllAssembliesAndSetupDomain (381ms)
		LoadAssemblies (522ms)
		RebuildTransferFunctionScriptingTraits (0ms)
		AnalyzeDomain (20ms)
			TypeCache.Refresh (9ms)
				TypeCache.ScanAssembly (0ms)
			ScanForSourceGeneratedMonoScriptInfo (0ms)
			ResolveRequiredComponents (9ms)
	FinalizeReload (2591ms)
		ReleaseScriptCaches (0ms)
		RebuildScriptCaches (0ms)
		SetupLoadedEditorAssemblies (1786ms)
			LogAssemblyErrors (0ms)
			InitializePlatformSupportModulesInManaged (68ms)
			SetLoadedEditorAssemblies (10ms)
			RefreshPlugins (0ms)
			BeforeProcessingInitializeOnLoad (236ms)
			ProcessInitializeOnLoadAttributes (1393ms)
			ProcessInitializeOnLoadMethodAttributes (55ms)
			AfterProcessingInitializeOnLoad (24ms)
			EditorAssembliesLoaded (0ms)
		ExecutionOrderSort2 (0ms)
		AwakeInstancesAfterBackupRestoration (16ms)
Refreshing native plugins compatible for Editor in 6.10 ms, found 3 plugins.
Preloading 0 native plugins for Editor in 0.00 ms.
Unloading 3093 Unused Serialized files (Serialized files now loaded: 0)
Unloading 23 unused Assets / (31.2 KB). Loaded Objects now: 3611.
Memory consumption went from 144.0 MB to 144.0 MB.
Total: 5.616400 ms (FindLiveObjects: 0.452900 ms CreateObjectMapping: 0.402700 ms MarkObjects: 4.680700 ms  DeleteObjects: 0.078300 ms)

Prepare: number of updated asset objects reloaded= 0
AssetImportParameters requested are different than current active one (requested -> active):
  custom:container-demuxer-ogg: 62fdf1f143b41e24485cea50d1cbac27 -> 
  custom:video-decoder-ogg-theora: a1e56fd34408186e4bbccfd4996cb3dc -> 
  custom:framework-win-MediaFoundation: 216162199b28c13a410421893ffa2e32 -> 
  custom:CustomObjectIndexerAttribute: 6d391050e5a25f67b0a2c618074f2cd9 -> 
  custom:container-demuxer-webm: 4f35f7cbe854078d1ac9338744f61a02 -> 
  custom:container-muxer-webm: aa71ff27fc2769a1b78a27578f13a17b -> 
  custom:video-decoder-webm-vp8: 9c59270c3fd7afecdb556c50c9e8de78 -> 
  custom:SearchIndexIgnoredProperties: e643bd26f0fe6173181afceb89e7c659 -> 
  custom:AudioImporter_EditorPlatform: d09bf68614088b80899f8185d706f6e7 -> 
  custom:video-encoder-webm-vp8: eb34c28f22e8b96e1ab97ce403110664 -> 
  custom:audio-decoder-ogg-vorbis: bf7c407c2cedff20999df2af8eb42d56 -> 
  custom:audio-encoder-webm-vorbis: bf7c407c2cedff20999df2af8eb42d56 -> 
========================================================================
Received Import Request.
  Time since last request: 50.138861 seconds.
  path: Assets/AssetImport/Main/scene/DemoScene.unity
  artifactKey: Guid(7759de288f5d4ee449a0ca5e2244944a) Importer(815301076,1909f56bfc062723c751e8b465ee728b)
Start importing Assets/AssetImport/Main/scene/DemoScene.unity using Guid(7759de288f5d4ee449a0ca5e2244944a) Importer(815301076,1909f56bfc062723c751e8b465ee728b)  -> (artifact id: 'fcf466f88a744eeca3ebd6c88f2552a5') in 0.002571 seconds
Number of updated asset objects reloaded before import = 0
Number of asset objects unloaded after import = 0
========================================================================
Received Import Request.
  Time since last request: 187.357330 seconds.
  path: Assets/AssetImport/Main/Meshes,textures/props_FBX/Materials/stone 2.006.mat
  artifactKey: Guid(1ed0a01ba5785ce4e8fa6450bf3db1d4) Importer(815301076,1909f56bfc062723c751e8b465ee728b)
Start importing Assets/AssetImport/Main/Meshes,textures/props_FBX/Materials/stone 2.006.mat using Guid(1ed0a01ba5785ce4e8fa6450bf3db1d4) Importer(815301076,1909f56bfc062723c751e8b465ee728b)  -> (artifact id: 'f3c10d295e93eb75118d296485fb95df') in 0.206996 seconds
Number of updated asset objects reloaded before import = 0
Number of asset objects unloaded after import = 1
========================================================================
Received Import Request.
  Time since last request: 0.000066 seconds.
  path: Assets/AssetImport/Main/Materials/Material_meshs/street 2.mat
  artifactKey: Guid(af0582a2d4252d44e947c6cffcd45186) Importer(815301076,1909f56bfc062723c751e8b465ee728b)
Start importing Assets/AssetImport/Main/Materials/Material_meshs/street 2.mat using Guid(af0582a2d4252d44e947c6cffcd45186) Importer(815301076,1909f56bfc062723c751e8b465ee728b)  -> (artifact id: '56300c79df5976667f32ba2e600ec970') in 0.027601 seconds
Number of updated asset objects reloaded before import = 0
Number of asset objects unloaded after import = 2
========================================================================
Received Import Request.
  Time since last request: 0.000042 seconds.
  path: Assets/AssetImport/Main/Meshes,textures/Shops_FBX/Materials/Stone_01.mat
  artifactKey: Guid(8a736916046421044888a88bc4525669) Importer(815301076,1909f56bfc062723c751e8b465ee728b)
Start importing Assets/AssetImport/Main/Meshes,textures/Shops_FBX/Materials/Stone_01.mat using Guid(8a736916046421044888a88bc4525669) Importer(815301076,1909f56bfc062723c751e8b465ee728b)  -> (artifact id: '043b1616fde70d10535866a81c289d06') in 0.024555 seconds
Number of updated asset objects reloaded before import = 0
Number of asset objects unloaded after import = 1
========================================================================
Received Import Request.
  Time since last request: 0.000028 seconds.
  path: Assets/AssetImport/Main/Meshes,textures/Buildings_FBX/Materials/Windows 3.mat
  artifactKey: Guid(2f5a2fc8138763d48a258ec6f0c94ce5) Importer(815301076,1909f56bfc062723c751e8b465ee728b)
Start importing Assets/AssetImport/Main/Meshes,textures/Buildings_FBX/Materials/Windows 3.mat using Guid(2f5a2fc8138763d48a258ec6f0c94ce5) Importer(815301076,1909f56bfc062723c751e8b465ee728b)  -> (artifact id: 'f2b75a5577fb8a34fdcbde49228e2000') in 0.021904 seconds
Number of updated asset objects reloaded before import = 0
Number of asset objects unloaded after import = 1
========================================================================
Received Import Request.
  Time since last request: 0.000040 seconds.
  path: Assets/AssetImport/Main/Materials/color_windows/Windows no light.mat
  artifactKey: Guid(26df91506bf83b343b8083c5322323ae) Importer(815301076,1909f56bfc062723c751e8b465ee728b)
Start importing Assets/AssetImport/Main/Materials/color_windows/Windows no light.mat using Guid(26df91506bf83b343b8083c5322323ae) Importer(815301076,1909f56bfc062723c751e8b465ee728b)  -> (artifact id: 'e0da820893056cfbce588721edb55755') in 0.024420 seconds
Number of updated asset objects reloaded before import = 0
Number of asset objects unloaded after import = 1
========================================================================
Received Import Request.
  Time since last request: 0.000031 seconds.
  path: Assets/AssetImport/Main/Materials/Material_meshs/street 3.mat
  artifactKey: Guid(7e20040aa26e36443b2ae6d45e7b8ff6) Importer(815301076,1909f56bfc062723c751e8b465ee728b)
Start importing Assets/AssetImport/Main/Materials/Material_meshs/street 3.mat using Guid(7e20040aa26e36443b2ae6d45e7b8ff6) Importer(815301076,1909f56bfc062723c751e8b465ee728b)  -> (artifact id: '482128859376a9bceaeb554ad69ed9a5') in 0.023540 seconds
Number of updated asset objects reloaded before import = 0
Number of asset objects unloaded after import = 2
========================================================================
Received Import Request.
  Time since last request: 0.000024 seconds.
  path: Assets/AssetImport/Main/Meshes,textures/Buildings_FBX/Materials/Police_station_texture.mat
  artifactKey: Guid(58ce0120a571df04fb9aa5dfbcea8ea4) Importer(815301076,1909f56bfc062723c751e8b465ee728b)
Start importing Assets/AssetImport/Main/Meshes,textures/Buildings_FBX/Materials/Police_station_texture.mat using Guid(58ce0120a571df04fb9aa5dfbcea8ea4) Importer(815301076,1909f56bfc062723c751e8b465ee728b)  -> (artifact id: 'e15e144d3753c37a782be177b9cbbb84') in 0.042924 seconds
Number of updated asset objects reloaded before import = 0
Number of asset objects unloaded after import = 2
========================================================================
Received Import Request.
  Time since last request: 0.000030 seconds.
  path: Assets/AssetImport/Main/Materials/Material_meshs/street 4.mat
  artifactKey: Guid(e392b3db3896de742a7fe9186046092b) Importer(815301076,1909f56bfc062723c751e8b465ee728b)
Start importing Assets/AssetImport/Main/Materials/Material_meshs/street 4.mat using Guid(e392b3db3896de742a7fe9186046092b) Importer(815301076,1909f56bfc062723c751e8b465ee728b)  -> (artifact id: '66934d6fe19cd5b3dae918674f04c90d') in 0.025025 seconds
Number of updated asset objects reloaded before import = 0
Number of asset objects unloaded after import = 2
========================================================================
Received Import Request.
  Time since last request: 0.000041 seconds.
  path: Assets/AssetImport/Main/Materials/Colors_buildings/y_2.mat
  artifactKey: Guid(3f6105d90f7e5cc419dc8e03de25c34c) Importer(815301076,1909f56bfc062723c751e8b465ee728b)
Start importing Assets/AssetImport/Main/Materials/Colors_buildings/y_2.mat using Guid(3f6105d90f7e5cc419dc8e03de25c34c) Importer(815301076,1909f56bfc062723c751e8b465ee728b)  -> (artifact id: '7ce09e021451ddcf913da3e0e63d2e86') in 0.036297 seconds
Number of updated asset objects reloaded before import = 0
Number of asset objects unloaded after import = 2
========================================================================
Received Import Request.
  Time since last request: 0.000030 seconds.
  path: Assets/AssetImport/Main/Meshes,textures/Shops_FBX/Materials/Windows_03.mat
  artifactKey: Guid(3a23e203bfea4c748ae4c2a17b3537a3) Importer(815301076,1909f56bfc062723c751e8b465ee728b)
Start importing Assets/AssetImport/Main/Meshes,textures/Shops_FBX/Materials/Windows_03.mat using Guid(3a23e203bfea4c748ae4c2a17b3537a3) Importer(815301076,1909f56bfc062723c751e8b465ee728b)  -> (artifact id: '6f21e2182f7912de42c115b78536aa12') in 0.023822 seconds
Number of updated asset objects reloaded before import = 0
Number of asset objects unloaded after import = 1
========================================================================
Received Import Request.
  Time since last request: 0.000030 seconds.
  path: Assets/AssetImport/Main/Meshes,textures/Buildings_FBX/Materials/Windows_02.mat
  artifactKey: Guid(d284624274cd78b4caeea6e8ff564feb) Importer(815301076,1909f56bfc062723c751e8b465ee728b)
Start importing Assets/AssetImport/Main/Meshes,textures/Buildings_FBX/Materials/Windows_02.mat using Guid(d284624274cd78b4caeea6e8ff564feb) Importer(815301076,1909f56bfc062723c751e8b465ee728b)  -> (artifact id: '257791a8290b98d98752c745f8b8a74b') in 0.023244 seconds
Number of updated asset objects reloaded before import = 0
Number of asset objects unloaded after import = 1
========================================================================
Received Import Request.
  Time since last request: 0.000036 seconds.
  path: Assets/AssetImport/Main/Meshes,textures/Shops_FBX/Materials/Windows.mat
  artifactKey: Guid(99410ba1708579d4ea53ba84bc12518f) Importer(815301076,1909f56bfc062723c751e8b465ee728b)
Start importing Assets/AssetImport/Main/Meshes,textures/Shops_FBX/Materials/Windows.mat using Guid(99410ba1708579d4ea53ba84bc12518f) Importer(815301076,1909f56bfc062723c751e8b465ee728b)  -> (artifact id: '07dc3520e45ed03e267da7e0ddc4f1e4') in 0.031253 seconds
Number of updated asset objects reloaded before import = 0
Number of asset objects unloaded after import = 1
========================================================================
Received Import Request.
  Time since last request: 0.000037 seconds.
  path: Assets/AssetImport/Main/Meshes,textures/Shops_FBX/Materials/Windows_02.mat
  artifactKey: Guid(3332d65825f2e15488cfe619e7546ffc) Importer(815301076,1909f56bfc062723c751e8b465ee728b)
Start importing Assets/AssetImport/Main/Meshes,textures/Shops_FBX/Materials/Windows_02.mat using Guid(3332d65825f2e15488cfe619e7546ffc) Importer(815301076,1909f56bfc062723c751e8b465ee728b)  -> (artifact id: '3488735cab623d0b3984a2e933bb8d79') in 0.108194 seconds
Number of updated asset objects reloaded before import = 0
Number of asset objects unloaded after import = 1
========================================================================
Received Import Request.
  Time since last request: 0.000061 seconds.
  path: Assets/AssetImport/Main/Meshes,textures/props_FBX/Materials/Pot.mat
  artifactKey: Guid(c2fb6465c106b734ab1ee5a166e2a7c1) Importer(815301076,1909f56bfc062723c751e8b465ee728b)
Start importing Assets/AssetImport/Main/Meshes,textures/props_FBX/Materials/Pot.mat using Guid(c2fb6465c106b734ab1ee5a166e2a7c1) Importer(815301076,1909f56bfc062723c751e8b465ee728b)  -> (artifact id: '4c1d4e0e0f3e325d421767c739694b51') in 0.034906 seconds
Number of updated asset objects reloaded before import = 0
Number of asset objects unloaded after import = 1
========================================================================
Received Import Request.
  Time since last request: 0.000055 seconds.
  path: Assets/AssetImport/Main/Meshes,textures/Buildings_FBX/Materials/Windows_B.mat
  artifactKey: Guid(92de6af25a03e134f8d98cb28ae4aea4) Importer(815301076,1909f56bfc062723c751e8b465ee728b)
Start importing Assets/AssetImport/Main/Meshes,textures/Buildings_FBX/Materials/Windows_B.mat using Guid(92de6af25a03e134f8d98cb28ae4aea4) Importer(815301076,1909f56bfc062723c751e8b465ee728b)  -> (artifact id: '58e18e838c93793cfe39c52cffd6f48f') in 0.025539 seconds
Number of updated asset objects reloaded before import = 0
Number of asset objects unloaded after import = 1
========================================================================
Received Import Request.
  Time since last request: 0.000029 seconds.
  path: Assets/AssetImport/Main/Meshes,textures/Buildings_FBX/Materials/Windows_C.mat
  artifactKey: Guid(0274bdc4317ecdf4abe00f1ef7dc6c3d) Importer(815301076,1909f56bfc062723c751e8b465ee728b)
Start importing Assets/AssetImport/Main/Meshes,textures/Buildings_FBX/Materials/Windows_C.mat using Guid(0274bdc4317ecdf4abe00f1ef7dc6c3d) Importer(815301076,1909f56bfc062723c751e8b465ee728b)  -> (artifact id: '53923b5a1dbd5c20e2037b9db4a307be') in 0.025730 seconds
Number of updated asset objects reloaded before import = 0
Number of asset objects unloaded after import = 1
========================================================================
Received Import Request.
  Time since last request: 0.000044 seconds.
  path: Assets/AssetImport/Main/Materials/traffic light/Yellow.mat
  artifactKey: Guid(7be5e417b52fd834280f56f025a91e5e) Importer(815301076,1909f56bfc062723c751e8b465ee728b)
Start importing Assets/AssetImport/Main/Materials/traffic light/Yellow.mat using Guid(7be5e417b52fd834280f56f025a91e5e) Importer(815301076,1909f56bfc062723c751e8b465ee728b)  -> (artifact id: 'a4d0423aad20e5bd274895fcad7d034e') in 0.030513 seconds
Number of updated asset objects reloaded before import = 0
Number of asset objects unloaded after import = 1
========================================================================
Received Import Request.
  Time since last request: 0.000036 seconds.
  path: Assets/AssetImport/Main/Meshes,textures/Buildings_FBX/Materials/Windows_A.mat
  artifactKey: Guid(5e51c6ceba37c8d46a41c1daaf924bf6) Importer(815301076,1909f56bfc062723c751e8b465ee728b)
Start importing Assets/AssetImport/Main/Meshes,textures/Buildings_FBX/Materials/Windows_A.mat using Guid(5e51c6ceba37c8d46a41c1daaf924bf6) Importer(815301076,1909f56bfc062723c751e8b465ee728b)  -> (artifact id: '8f11d748635da2af112bbc9147192009') in 0.030099 seconds
Number of updated asset objects reloaded before import = 0
Number of asset objects unloaded after import = 1
========================================================================
Received Import Request.
  Time since last request: 0.000032 seconds.
  path: Assets/AssetImport/Main/Meshes,textures/Buildings_FBX/Materials/Stone_03.mat
  artifactKey: Guid(fc2c78f19c1ee234a92113f935b3105b) Importer(815301076,1909f56bfc062723c751e8b465ee728b)
Start importing Assets/AssetImport/Main/Meshes,textures/Buildings_FBX/Materials/Stone_03.mat using Guid(fc2c78f19c1ee234a92113f935b3105b) Importer(815301076,1909f56bfc062723c751e8b465ee728b)  -> (artifact id: '0ab6e009de87da3a7ce3a5eadbdfbbca') in 0.029390 seconds
Number of updated asset objects reloaded before import = 0
Number of asset objects unloaded after import = 1
========================================================================
Received Import Request.
  Time since last request: 0.000125 seconds.
  path: Assets/AssetImport/Main/Meshes,textures/ways_FBX/Materials/Street.mat
  artifactKey: Guid(06605a076c06da8468d90ee71a9ee427) Importer(815301076,1909f56bfc062723c751e8b465ee728b)
Start importing Assets/AssetImport/Main/Meshes,textures/ways_FBX/Materials/Street.mat using Guid(06605a076c06da8468d90ee71a9ee427) Importer(815301076,1909f56bfc062723c751e8b465ee728b)  -> (artifact id: '705184e898decbf7ab931ab0f3635c7c') in 0.026014 seconds
Number of updated asset objects reloaded before import = 0
Number of asset objects unloaded after import = 1
========================================================================
Received Import Request.
  Time since last request: 0.000046 seconds.
  path: Assets/AssetImport/Main/Materials/Material_meshs/street 8.mat
  artifactKey: Guid(f66625c0d638e4441aad72b0e59126c2) Importer(815301076,1909f56bfc062723c751e8b465ee728b)
Start importing Assets/AssetImport/Main/Materials/Material_meshs/street 8.mat using Guid(f66625c0d638e4441aad72b0e59126c2) Importer(815301076,1909f56bfc062723c751e8b465ee728b)  -> (artifact id: '07cca7098e1f8554a06dbb7771b6b0e9') in 0.033326 seconds
Number of updated asset objects reloaded before import = 0
Number of asset objects unloaded after import = 2
========================================================================
Received Import Request.
  Time since last request: 0.000029 seconds.
  path: Assets/AssetImport/Main/Meshes,textures/Buildings_FBX/Materials/Window_Frames.mat
  artifactKey: Guid(d3dcf950e61771e46b954da267e3496a) Importer(815301076,1909f56bfc062723c751e8b465ee728b)
Start importing Assets/AssetImport/Main/Meshes,textures/Buildings_FBX/Materials/Window_Frames.mat using Guid(d3dcf950e61771e46b954da267e3496a) Importer(815301076,1909f56bfc062723c751e8b465ee728b)  -> (artifact id: '7f983e85376038d8f46b97fa4a4ce34e') in 0.024922 seconds
Number of updated asset objects reloaded before import = 0
Number of asset objects unloaded after import = 1
========================================================================
Received Import Request.
  Time since last request: 0.000034 seconds.
  path: Assets/AssetImport/Main/Meshes,textures/Shops_FBX/Materials/Window_frames.mat
  artifactKey: Guid(c7c63366b5471dc4dac5a333248020e3) Importer(815301076,1909f56bfc062723c751e8b465ee728b)
Start importing Assets/AssetImport/Main/Meshes,textures/Shops_FBX/Materials/Window_frames.mat using Guid(c7c63366b5471dc4dac5a333248020e3) Importer(815301076,1909f56bfc062723c751e8b465ee728b)  -> (artifact id: '7842669a81ec7c99001ecf8f65ef66ab') in 0.024630 seconds
Number of updated asset objects reloaded before import = 0
Number of asset objects unloaded after import = 1
========================================================================
Received Import Request.
  Time since last request: 0.000038 seconds.
  path: Assets/AssetImport/Main/Meshes,textures/Buildings_FBX/Materials/Window_frames_01.mat
  artifactKey: Guid(72501126a42560744af3f956d4199ec7) Importer(815301076,1909f56bfc062723c751e8b465ee728b)
Start importing Assets/AssetImport/Main/Meshes,textures/Buildings_FBX/Materials/Window_frames_01.mat using Guid(72501126a42560744af3f956d4199ec7) Importer(815301076,1909f56bfc062723c751e8b465ee728b)  -> (artifact id: '5348cdcfa91b7549ea69ed74bfb13bb6') in 0.027239 seconds
Number of updated asset objects reloaded before import = 0
Number of asset objects unloaded after import = 1
========================================================================
Received Import Request.
  Time since last request: 0.000055 seconds.
  path: Assets/AssetImport/Main/Materials/color_windows/Windows light 2.mat
  artifactKey: Guid(763d547f29cebc443a26da20545010dd) Importer(815301076,1909f56bfc062723c751e8b465ee728b)
Start importing Assets/AssetImport/Main/Materials/color_windows/Windows light 2.mat using Guid(763d547f29cebc443a26da20545010dd) Importer(815301076,1909f56bfc062723c751e8b465ee728b)  -> (artifact id: 'ab066b5f8c5e066096544c3d8fa6147f') in 0.025192 seconds
Number of updated asset objects reloaded before import = 0
Number of asset objects unloaded after import = 1
========================================================================
Received Import Request.
  Time since last request: 0.000050 seconds.
  path: Assets/AssetImport/Main/Meshes,textures/Shops_FBX/Materials/Windows_01.mat
  artifactKey: Guid(70f2d2cd11b423f4a833930ec7631749) Importer(815301076,1909f56bfc062723c751e8b465ee728b)
Start importing Assets/AssetImport/Main/Meshes,textures/Shops_FBX/Materials/Windows_01.mat using Guid(70f2d2cd11b423f4a833930ec7631749) Importer(815301076,1909f56bfc062723c751e8b465ee728b)  -> (artifact id: 'ac7fdcec2614fa66e71689bf7a428890') in 0.026918 seconds
Number of updated asset objects reloaded before import = 0
Number of asset objects unloaded after import = 1
========================================================================
Received Import Request.
  Time since last request: 0.000037 seconds.
  path: Assets/AssetImport/Main/Materials/color_windows/Windows light 1.mat
  artifactKey: Guid(d7636558dbd50f7429a53d5bc6352a44) Importer(815301076,1909f56bfc062723c751e8b465ee728b)
Start importing Assets/AssetImport/Main/Materials/color_windows/Windows light 1.mat using Guid(d7636558dbd50f7429a53d5bc6352a44) Importer(815301076,1909f56bfc062723c751e8b465ee728b)  -> (artifact id: '4383e74db17b35283145ce6efa5db643') in 0.026639 seconds
Number of updated asset objects reloaded before import = 0
Number of asset objects unloaded after import = 1
========================================================================
Received Import Request.
  Time since last request: 0.000031 seconds.
  path: Assets/AssetImport/Main/Meshes,textures/Buildings_FBX/Materials/Windows_03.mat
  artifactKey: Guid(85abff553237ce0478f3b0f8f8d06b4b) Importer(815301076,1909f56bfc062723c751e8b465ee728b)
Start importing Assets/AssetImport/Main/Meshes,textures/Buildings_FBX/Materials/Windows_03.mat using Guid(85abff553237ce0478f3b0f8f8d06b4b) Importer(815301076,1909f56bfc062723c751e8b465ee728b)  -> (artifact id: '33b71a7a564277b4822bd62c5278b0bf') in 0.029440 seconds
Number of updated asset objects reloaded before import = 0
Number of asset objects unloaded after import = 1
========================================================================
Received Import Request.
  Time since last request: 0.000048 seconds.
  path: Assets/AssetImport/Main/Meshes,textures/Buildings_FBX/Materials/Window_frames.001.mat
  artifactKey: Guid(9c57fd4d45bbd76408ff9b7673a556b0) Importer(815301076,1909f56bfc062723c751e8b465ee728b)
Start importing Assets/AssetImport/Main/Meshes,textures/Buildings_FBX/Materials/Window_frames.001.mat using Guid(9c57fd4d45bbd76408ff9b7673a556b0) Importer(815301076,1909f56bfc062723c751e8b465ee728b)  -> (artifact id: '2fdda581505b1afc5a9b7de988bcc31b') in 0.023240 seconds
Number of updated asset objects reloaded before import = 0
Number of asset objects unloaded after import = 1
========================================================================
Received Import Request.
  Time since last request: 0.000036 seconds.
  path: Assets/AssetImport/Main/Meshes,textures/props_FBX/Materials/Power pole texture.mat
  artifactKey: Guid(abf34b9c711ed774981a900551695e54) Importer(815301076,1909f56bfc062723c751e8b465ee728b)
Start importing Assets/AssetImport/Main/Meshes,textures/props_FBX/Materials/Power pole texture.mat using Guid(abf34b9c711ed774981a900551695e54) Importer(815301076,1909f56bfc062723c751e8b465ee728b)  -> (artifact id: '8d3840fd86a10644e0701cd520130f4e') in 0.034799 seconds
Number of updated asset objects reloaded before import = 0
Number of asset objects unloaded after import = 2
========================================================================
Received Import Request.
  Time since last request: 0.000031 seconds.
  path: Assets/AssetImport/Main/Meshes,textures/props_FBX/Materials/power pole cable texture.mat
  artifactKey: Guid(b32cc516dcac9a14eb2048caf6ec1af6) Importer(815301076,1909f56bfc062723c751e8b465ee728b)
Start importing Assets/AssetImport/Main/Meshes,textures/props_FBX/Materials/power pole cable texture.mat using Guid(b32cc516dcac9a14eb2048caf6ec1af6) Importer(815301076,1909f56bfc062723c751e8b465ee728b)  -> (artifact id: 'b1e4b41eb54488a8d460ed39cbc14ef6') in 0.034039 seconds
Number of updated asset objects reloaded before import = 0
Number of asset objects unloaded after import = 2
========================================================================
Received Import Request.
  Time since last request: 0.000035 seconds.
  path: Assets/AssetImport/Main/Materials/Colors_buildings/y_1.mat
  artifactKey: Guid(7314353addec573408094319e8e9dc05) Importer(815301076,1909f56bfc062723c751e8b465ee728b)
Start importing Assets/AssetImport/Main/Materials/Colors_buildings/y_1.mat using Guid(7314353addec573408094319e8e9dc05) Importer(815301076,1909f56bfc062723c751e8b465ee728b)  -> (artifact id: '4ceff831a201f0e6af30e131237d8fe0') in 0.033418 seconds
Number of updated asset objects reloaded before import = 0
Number of asset objects unloaded after import = 2
========================================================================
Received Import Request.
  Time since last request: 0.000067 seconds.
  path: Assets/AssetImport/Main/Meshes,textures/Shops_FBX/Materials/Stone_02.mat
  artifactKey: Guid(ff2268827d421224a8c204a5b4f31123) Importer(815301076,1909f56bfc062723c751e8b465ee728b)
Start importing Assets/AssetImport/Main/Meshes,textures/Shops_FBX/Materials/Stone_02.mat using Guid(ff2268827d421224a8c204a5b4f31123) Importer(815301076,1909f56bfc062723c751e8b465ee728b)  -> (artifact id: '29ab5153038546b9536a403d7934cd2b') in 0.027440 seconds
Number of updated asset objects reloaded before import = 0
Number of asset objects unloaded after import = 1
========================================================================
Received Import Request.
  Time since last request: 0.000034 seconds.
  path: Assets/AssetImport/Main/Meshes,textures/Shops_FBX/Materials/Window_frame.mat
  artifactKey: Guid(c4030c76fa38da2428b2b850b66f0ea8) Importer(815301076,1909f56bfc062723c751e8b465ee728b)
Start importing Assets/AssetImport/Main/Meshes,textures/Shops_FBX/Materials/Window_frame.mat using Guid(c4030c76fa38da2428b2b850b66f0ea8) Importer(815301076,1909f56bfc062723c751e8b465ee728b)  -> (artifact id: '7c24b27f58f8bb947e915b87a7a3bf39') in 0.027897 seconds
Number of updated asset objects reloaded before import = 0
Number of asset objects unloaded after import = 1
========================================================================
Received Import Request.
  Time since last request: 0.000029 seconds.
  path: Assets/AssetImport/Main/Meshes,textures/Buildings_FBX/Materials/WindowFrame.mat
  artifactKey: Guid(e0165b0c5174fd14e98654a3e2b21433) Importer(815301076,1909f56bfc062723c751e8b465ee728b)
Start importing Assets/AssetImport/Main/Meshes,textures/Buildings_FBX/Materials/WindowFrame.mat using Guid(e0165b0c5174fd14e98654a3e2b21433) Importer(815301076,1909f56bfc062723c751e8b465ee728b)  -> (artifact id: '1d5ffac35e5a674b9712aa3dc2b6611b') in 0.024947 seconds
Number of updated asset objects reloaded before import = 0
Number of asset objects unloaded after import = 1
========================================================================
Received Import Request.
  Time since last request: 7.088664 seconds.
  path: Assets/AssetImport/Main/Meshes,textures/Buildings_FBX/Materials/windows 2.mat
  artifactKey: Guid(eadcd8d8f1590a54b8d8a391b067e3ef) Importer(815301076,1909f56bfc062723c751e8b465ee728b)
Start importing Assets/AssetImport/Main/Meshes,textures/Buildings_FBX/Materials/windows 2.mat using Guid(eadcd8d8f1590a54b8d8a391b067e3ef) Importer(815301076,1909f56bfc062723c751e8b465ee728b)  -> (artifact id: '9778cc26aabb1430a1df52860e6050ef') in 0.020846 seconds
Number of updated asset objects reloaded before import = 0
Number of asset objects unloaded after import = 1
========================================================================
Received Import Request.
  Time since last request: 26.767573 seconds.
  path: Assets/AssetImport/Main/Materials/Material_meshs/street 10.mat
  artifactKey: Guid(ccbd9a98334624441a21da866f5b4ca5) Importer(815301076,1909f56bfc062723c751e8b465ee728b)
Start importing Assets/AssetImport/Main/Materials/Material_meshs/street 10.mat using Guid(ccbd9a98334624441a21da866f5b4ca5) Importer(815301076,1909f56bfc062723c751e8b465ee728b)  -> (artifact id: '6a0bb78b080b1c155f9237753f21213d') in 0.115377 seconds
Number of updated asset objects reloaded before import = 0
Number of asset objects unloaded after import = 2
========================================================================
Received Import Request.
  Time since last request: 0.000932 seconds.
  path: Assets/AssetImport/Main/Meshes,textures/Shops_FBX/Materials/Texture_on.mat
  artifactKey: Guid(6e7a45bf02789524faa43c0656ae4778) Importer(815301076,1909f56bfc062723c751e8b465ee728b)
Start importing Assets/AssetImport/Main/Meshes,textures/Shops_FBX/Materials/Texture_on.mat using Guid(6e7a45bf02789524faa43c0656ae4778) Importer(815301076,1909f56bfc062723c751e8b465ee728b)  -> (artifact id: 'b24ab045ac3a8c10f1e3a1df02afdde7') in 0.051561 seconds
Number of updated asset objects reloaded before import = 0
Number of asset objects unloaded after import = 1
========================================================================
Received Import Request.
  Time since last request: 0.000025 seconds.
  path: Assets/AssetImport/Main/Materials/Material_meshs/street 18.mat
  artifactKey: Guid(92f5140b79602d6439da595296ee1ebe) Importer(815301076,1909f56bfc062723c751e8b465ee728b)
Start importing Assets/AssetImport/Main/Materials/Material_meshs/street 18.mat using Guid(92f5140b79602d6439da595296ee1ebe) Importer(815301076,1909f56bfc062723c751e8b465ee728b)  -> (artifact id: 'bb37e72165ba48d1ec173102926f1f1c') in 0.050463 seconds
Number of updated asset objects reloaded before import = 0
Number of asset objects unloaded after import = 2
========================================================================
Received Import Request.
  Time since last request: 0.000045 seconds.
  path: Assets/AssetImport/Main/Materials/Material_meshs/televserion antenna.mat
  artifactKey: Guid(ec7a0e608e3ad6040b3cfa171659ca44) Importer(815301076,1909f56bfc062723c751e8b465ee728b)
Start importing Assets/AssetImport/Main/Materials/Material_meshs/televserion antenna.mat using Guid(ec7a0e608e3ad6040b3cfa171659ca44) Importer(815301076,1909f56bfc062723c751e8b465ee728b)  -> (artifact id: 'e010d101e8536e56b91f0aeb854c4e69') in 0.038512 seconds
Number of updated asset objects reloaded before import = 0
Number of asset objects unloaded after import = 2
========================================================================
Received Import Request.
  Time since last request: 0.000050 seconds.
  path: Assets/AssetImport/Main/Materials/Material_meshs/street 21.mat
  artifactKey: Guid(b104df4148bcf294b9ec4a842c8e5b51) Importer(815301076,1909f56bfc062723c751e8b465ee728b)
Start importing Assets/AssetImport/Main/Materials/Material_meshs/street 21.mat using Guid(b104df4148bcf294b9ec4a842c8e5b51) Importer(815301076,1909f56bfc062723c751e8b465ee728b)  -> (artifact id: '91e96b0eda01065037e6e3f5dd628423') in 0.026592 seconds
Number of updated asset objects reloaded before import = 0
Number of asset objects unloaded after import = 2
========================================================================
Received Import Request.
  Time since last request: 0.000024 seconds.
  path: Assets/AssetImport/Main/Materials/Material_meshs/street 14.mat
  artifactKey: Guid(cfe19b994291bef4da4b615db64ccdb0) Importer(815301076,1909f56bfc062723c751e8b465ee728b)
Start importing Assets/AssetImport/Main/Materials/Material_meshs/street 14.mat using Guid(cfe19b994291bef4da4b615db64ccdb0) Importer(815301076,1909f56bfc062723c751e8b465ee728b)  -> (artifact id: 'd6dc23fbcd426d0f401a98d94dff34a9') in 0.049804 seconds
Number of updated asset objects reloaded before import = 0
Number of asset objects unloaded after import = 2
========================================================================
Received Import Request.
  Time since last request: 0.000026 seconds.
  path: Assets/AssetImport/Main/Materials/Material_meshs/street 20.mat
  artifactKey: Guid(366292c81715a0f47be66ba182a84b25) Importer(815301076,1909f56bfc062723c751e8b465ee728b)
Start importing Assets/AssetImport/Main/Materials/Material_meshs/street 20.mat using Guid(366292c81715a0f47be66ba182a84b25) Importer(815301076,1909f56bfc062723c751e8b465ee728b)  -> (artifact id: '3f1bd34d730e16d13f611854e8558ec2') in 0.043339 seconds
Number of updated asset objects reloaded before import = 0
Number of asset objects unloaded after import = 2
========================================================================
Received Import Request.
  Time since last request: 0.000029 seconds.
  path: Assets/AssetImport/Main/Meshes,textures/Buildings_FBX/Materials/Windows.mat
  artifactKey: Guid(dcab3bd38ae41af4c86fdf52789eef3f) Importer(815301076,1909f56bfc062723c751e8b465ee728b)
Start importing Assets/AssetImport/Main/Meshes,textures/Buildings_FBX/Materials/Windows.mat using Guid(dcab3bd38ae41af4c86fdf52789eef3f) Importer(815301076,1909f56bfc062723c751e8b465ee728b)  -> (artifact id: '3afba0e02d2cdefb9c88a2d8f885bd60') in 0.024315 seconds
Number of updated asset objects reloaded before import = 0
Number of asset objects unloaded after import = 1
========================================================================
Received Import Request.
  Time since last request: 0.000042 seconds.
  path: Assets/AssetImport/Main/Meshes,textures/props_FBX/Materials/traffic light main.002.mat
  artifactKey: Guid(0ab10a22e8c734f43a3b0be650c89785) Importer(815301076,1909f56bfc062723c751e8b465ee728b)
Start importing Assets/AssetImport/Main/Meshes,textures/props_FBX/Materials/traffic light main.002.mat using Guid(0ab10a22e8c734f43a3b0be650c89785) Importer(815301076,1909f56bfc062723c751e8b465ee728b)  -> (artifact id: '4334a8db67ab91776f0a531aab5793a6') in 0.027638 seconds
Number of updated asset objects reloaded before import = 0
Number of asset objects unloaded after import = 1
========================================================================
Received Import Request.
  Time since last request: 0.000043 seconds.
  path: Assets/AssetImport/Main/Meshes,textures/Buildings_FBX/Materials/Texture.mat
  artifactKey: Guid(3469c33814cf2ba41a6a3abf5410b2ba) Importer(815301076,1909f56bfc062723c751e8b465ee728b)
Start importing Assets/AssetImport/Main/Meshes,textures/Buildings_FBX/Materials/Texture.mat using Guid(3469c33814cf2ba41a6a3abf5410b2ba) Importer(815301076,1909f56bfc062723c751e8b465ee728b)  -> (artifact id: '4508bb01f2f9a0e9189313f94bff4ab8') in 0.023422 seconds
Number of updated asset objects reloaded before import = 0
Number of asset objects unloaded after import = 1
========================================================================
Received Import Request.
  Time since last request: 0.000061 seconds.
  path: Assets/AssetImport/Main/Materials/Material_meshs/supermarket.mat
  artifactKey: Guid(5a982ead24f664e4d869d95ef387a770) Importer(815301076,1909f56bfc062723c751e8b465ee728b)
Start importing Assets/AssetImport/Main/Materials/Material_meshs/supermarket.mat using Guid(5a982ead24f664e4d869d95ef387a770) Importer(815301076,1909f56bfc062723c751e8b465ee728b)  -> (artifact id: 'cd219e8281156cef86e24436bdb45348') in 0.051874 seconds
Number of updated asset objects reloaded before import = 0
Number of asset objects unloaded after import = 2
========================================================================
Received Import Request.
  Time since last request: 0.000027 seconds.
  path: Assets/AssetImport/Main/Materials/Material_meshs/street 19.mat
  artifactKey: Guid(f8c0e9b4d11bff14da607053f5012175) Importer(815301076,1909f56bfc062723c751e8b465ee728b)
Start importing Assets/AssetImport/Main/Materials/Material_meshs/street 19.mat using Guid(f8c0e9b4d11bff14da607053f5012175) Importer(815301076,1909f56bfc062723c751e8b465ee728b)  -> (artifact id: 'c44df3f1b61a36caf63548ed1a8441fb') in 0.026295 seconds
Number of updated asset objects reloaded before import = 0
Number of asset objects unloaded after import = 2
========================================================================
Received Import Request.
  Time since last request: 0.000033 seconds.
  path: Assets/AssetImport/Main/Materials/Material_meshs/traffic light texture.mat
  artifactKey: Guid(ab25e7630fa165b4099230ee95e91131) Importer(815301076,1909f56bfc062723c751e8b465ee728b)
Start importing Assets/AssetImport/Main/Materials/Material_meshs/traffic light texture.mat using Guid(ab25e7630fa165b4099230ee95e91131) Importer(815301076,1909f56bfc062723c751e8b465ee728b)  -> (artifact id: '9e4b7927f6f2b311ac705674de07fa03') in 0.025484 seconds
Number of updated asset objects reloaded before import = 0
Number of asset objects unloaded after import = 2
========================================================================
Received Import Request.
  Time since last request: 0.000033 seconds.
  path: Assets/AssetImport/Main/Meshes,textures/Shops_FBX/Materials/Texture.mat
  artifactKey: Guid(c3035cc1fc76e774e83f805ed6cb36a0) Importer(815301076,1909f56bfc062723c751e8b465ee728b)
Start importing Assets/AssetImport/Main/Meshes,textures/Shops_FBX/Materials/Texture.mat using Guid(c3035cc1fc76e774e83f805ed6cb36a0) Importer(815301076,1909f56bfc062723c751e8b465ee728b)  -> (artifact id: '5651713b4e50523451b6f0c4f0846bf8') in 0.029838 seconds
Number of updated asset objects reloaded before import = 0
Number of asset objects unloaded after import = 1
========================================================================
Received Import Request.
  Time since last request: 0.000052 seconds.
  path: Assets/AssetImport/Main/Meshes,textures/ways_FBX/Materials/Street.007.mat
  artifactKey: Guid(b9c714ec096bf5342bc3aba0b58e502e) Importer(815301076,1909f56bfc062723c751e8b465ee728b)
Start importing Assets/AssetImport/Main/Meshes,textures/ways_FBX/Materials/Street.007.mat using Guid(b9c714ec096bf5342bc3aba0b58e502e) Importer(815301076,1909f56bfc062723c751e8b465ee728b)  -> (artifact id: '904a0a8325735dc5db6a3e0c7de82f9c') in 0.026969 seconds
Number of updated asset objects reloaded before import = 0
Number of asset objects unloaded after import = 1
========================================================================
Received Import Request.
  Time since last request: 0.000028 seconds.
  path: Assets/AssetImport/Main/Materials/Material_meshs/street 17.mat
  artifactKey: Guid(d600fec226ddb23418f8e8d742e5a551) Importer(815301076,1909f56bfc062723c751e8b465ee728b)
Start importing Assets/AssetImport/Main/Materials/Material_meshs/street 17.mat using Guid(d600fec226ddb23418f8e8d742e5a551) Importer(815301076,1909f56bfc062723c751e8b465ee728b)  -> (artifact id: '0351c4f789749a07ef54c7e1b0bbcc9c') in 0.047449 seconds
Number of updated asset objects reloaded before import = 0
Number of asset objects unloaded after import = 2
========================================================================
Received Import Request.
  Time since last request: 0.000037 seconds.
  path: Assets/AssetImport/Main/Meshes,textures/props_FBX/Materials/street lamp.mat
  artifactKey: Guid(788a948e34972c940a1e026c870b29b7) Importer(815301076,1909f56bfc062723c751e8b465ee728b)
Start importing Assets/AssetImport/Main/Meshes,textures/props_FBX/Materials/street lamp.mat using Guid(788a948e34972c940a1e026c870b29b7) Importer(815301076,1909f56bfc062723c751e8b465ee728b)  -> (artifact id: '633dac1bfb1a52e7cbfb7b8d19c75d40') in 0.024247 seconds
Number of updated asset objects reloaded before import = 0
Number of asset objects unloaded after import = 1
========================================================================
Received Import Request.
  Time since last request: 0.000055 seconds.
  path: Assets/AssetImport/Main/Materials/Material_meshs/street 13.mat
  artifactKey: Guid(34ec53f412bdc5545a2722b7b5a1f277) Importer(815301076,1909f56bfc062723c751e8b465ee728b)
Start importing Assets/AssetImport/Main/Materials/Material_meshs/street 13.mat using Guid(34ec53f412bdc5545a2722b7b5a1f277) Importer(815301076,1909f56bfc062723c751e8b465ee728b)  -> (artifact id: 'bb95f221e563ddc6abc2c2c806a40db7') in 0.030711 seconds
Number of updated asset objects reloaded before import = 0
Number of asset objects unloaded after import = 2
========================================================================
Received Import Request.
  Time since last request: 2970.691565 seconds.
  path: Assets/TextMesh Pro/Resources/Sprite Assets
  artifactKey: Guid(512a49d95c0c4332bdd98131869c23c9) Importer(815301076,1909f56bfc062723c751e8b465ee728b)
Start importing Assets/TextMesh Pro/Resources/Sprite Assets using Guid(512a49d95c0c4332bdd98131869c23c9) Importer(815301076,1909f56bfc062723c751e8b465ee728b)  -> (artifact id: 'a4be22d1ef66f63031ca6da898dd5950') in 0.009915 seconds
Number of updated asset objects reloaded before import = 0
Number of asset objects unloaded after import = 0
========================================================================
Received Import Request.
  Time since last request: 0.061904 seconds.
  path: Assets/TextMesh Pro/Resources/Sprite Assets/EmojiOne.asset
  artifactKey: Guid(c41005c129ba4d66911b75229fd70b45) Importer(815301076,1909f56bfc062723c751e8b465ee728b)
Start importing Assets/TextMesh Pro/Resources/Sprite Assets/EmojiOne.asset using Guid(c41005c129ba4d66911b75229fd70b45) Importer(815301076,1909f56bfc062723c751e8b465ee728b)  -> (artifact id: '49f57928ea3e50016ba38984b95b8e5d') in 0.027151 seconds
Number of updated asset objects reloaded before import = 0
Number of asset objects unloaded after import = 3
========================================================================
Received Import Request.
  Time since last request: 7.900295 seconds.
  path: Assets/TextMesh Pro/Shaders/TMP_Bitmap-Custom-Atlas.shader
  artifactKey: Guid(48bb5f55d8670e349b6e614913f9d910) Importer(815301076,1909f56bfc062723c751e8b465ee728b)
Start importing Assets/TextMesh Pro/Shaders/TMP_Bitmap-Custom-Atlas.shader using Guid(48bb5f55d8670e349b6e614913f9d910) Importer(815301076,1909f56bfc062723c751e8b465ee728b)  -> (artifact id: '61bb5200c2ecf8b65817aa5da0e41ae6') in 0.001747 seconds
Number of updated asset objects reloaded before import = 0
Number of asset objects unloaded after import = 0
========================================================================
Received Prepare
Begin MonoManager ReloadAssembly
- Loaded All Assemblies, in  1.988 seconds
Refreshing native plugins compatible for Editor in 4.11 ms, found 3 plugins.
Native extension for WindowsStandalone target not found
Native extension for iOS target not found
Native extension for WebGL target not found
[Package Manager] Server::EnsureServerProcessIsRunning -- launch failed, reason: Unity was launched with the -noUpm command-line argument
[Package Manager] UpmClient::Send -- Unable to send message (not connected to UPM process).
[Package Manager] Cannot connect to Unity Package Manager local server
Mono: successfully reloaded assembly
- Finished resetting the current domain, in  2.984 seconds
Domain Reload Profiling: 4970ms
	BeginReloadAssembly (716ms)
		ExecutionOrderSort (0ms)
		DisableScriptedObjects (21ms)
		BackupInstance (0ms)
		ReleaseScriptingObjects (0ms)
		CreateAndSetChildDomain (327ms)
	RebuildCommonClasses (94ms)
	RebuildNativeTypeToScriptingClass (30ms)
	initialDomainReloadingComplete (88ms)
	LoadAllAssembliesAndSetupDomain (1056ms)
		LoadAssemblies (1287ms)
		RebuildTransferFunctionScriptingTraits (0ms)
		AnalyzeDomain (34ms)
			TypeCache.Refresh (16ms)
				TypeCache.ScanAssembly (0ms)
			ScanForSourceGeneratedMonoScriptInfo (0ms)
			ResolveRequiredComponents (14ms)
	FinalizeReload (2986ms)
		ReleaseScriptCaches (0ms)
		RebuildScriptCaches (0ms)
		SetupLoadedEditorAssemblies (1839ms)
			LogAssemblyErrors (0ms)
			InitializePlatformSupportModulesInManaged (76ms)
			SetLoadedEditorAssemblies (12ms)
			RefreshPlugins (0ms)
			BeforeProcessingInitializeOnLoad (261ms)
			ProcessInitializeOnLoadAttributes (1409ms)
			ProcessInitializeOnLoadMethodAttributes (57ms)
			AfterProcessingInitializeOnLoad (23ms)
			EditorAssembliesLoaded (1ms)
		ExecutionOrderSort2 (0ms)
		AwakeInstancesAfterBackupRestoration (17ms)
Refreshing native plugins compatible for Editor in 5.25 ms, found 3 plugins.
Preloading 0 native plugins for Editor in 0.00 ms.
Unloading 3093 Unused Serialized files (Serialized files now loaded: 0)
Unloading 23 unused Assets / (31.1 KB). Loaded Objects now: 3647.
Memory consumption went from 144.0 MB to 144.0 MB.
Total: 8.880900 ms (FindLiveObjects: 0.447200 ms CreateObjectMapping: 0.409600 ms MarkObjects: 7.832000 ms  DeleteObjects: 0.190200 ms)

Prepare: number of updated asset objects reloaded= 13
AssetImportParameters requested are different than current active one (requested -> active):
  custom:container-demuxer-ogg: 62fdf1f143b41e24485cea50d1cbac27 -> 
  custom:video-decoder-ogg-theora: a1e56fd34408186e4bbccfd4996cb3dc -> 
  custom:framework-win-MediaFoundation: 216162199b28c13a410421893ffa2e32 -> 
  custom:CustomObjectIndexerAttribute: 6d391050e5a25f67b0a2c618074f2cd9 -> 
  custom:container-demuxer-webm: 4f35f7cbe854078d1ac9338744f61a02 -> 
  custom:container-muxer-webm: aa71ff27fc2769a1b78a27578f13a17b -> 
  custom:video-decoder-webm-vp8: 9c59270c3fd7afecdb556c50c9e8de78 -> 
  custom:SearchIndexIgnoredProperties: e643bd26f0fe6173181afceb89e7c659 -> 
  custom:AudioImporter_EditorPlatform: d09bf68614088b80899f8185d706f6e7 -> 
  custom:video-encoder-webm-vp8: eb34c28f22e8b96e1ab97ce403110664 -> 
  custom:audio-decoder-ogg-vorbis: bf7c407c2cedff20999df2af8eb42d56 -> 
  custom:audio-encoder-webm-vorbis: bf7c407c2cedff20999df2af8eb42d56 -> 
