Using pre-set license
Built from '2022.3/release' branch; Version is '2022.3.20f1 (61c2feb0970d) revision 6406910'; Using compiler version '192829333'; Build Type 'Release'
OS: 'Windows 10  (10.0.19045) 64bit CoreSingleLanguage' Language: 'en' Physical Memory: 8070 MB
BatchMode: 1, IsHumanControllingUs: 0, StartBugReporterOnCrash: 0, Is64bit: 1, IsPro: 1

COMMAND LINE ARGUMENTS:
C:\Program Files\Unity\Hub\Editor\2022.3.20f1\Editor\Unity.exe
-adb2
-batchMode
-noUpm
-name
AssetImportWorker1
-projectPath
D:/UnityExercise/Create With Code/GameCity
-logFile
Logs/AssetImportWorker1.log
-srvPort
57207
Successfully changed project path to: D:/UnityExercise/Create With Code/GameCity
D:/UnityExercise/Create With Code/GameCity
[UnityMemory] Configuration Parameters - Can be set up in boot.config
    "memorysetup-bucket-allocator-granularity=16"
    "memorysetup-bucket-allocator-bucket-count=8"
    "memorysetup-bucket-allocator-block-size=33554432"
    "memorysetup-bucket-allocator-block-count=8"
    "memorysetup-main-allocator-block-size=16777216"
    "memorysetup-thread-allocator-block-size=16777216"
    "memorysetup-gfx-main-allocator-block-size=16777216"
    "memorysetup-gfx-thread-allocator-block-size=16777216"
    "memorysetup-cache-allocator-block-size=4194304"
    "memorysetup-typetree-allocator-block-size=2097152"
    "memorysetup-profiler-bucket-allocator-granularity=16"
    "memorysetup-profiler-bucket-allocator-bucket-count=8"
    "memorysetup-profiler-bucket-allocator-block-size=33554432"
    "memorysetup-profiler-bucket-allocator-block-count=8"
    "memorysetup-profiler-allocator-block-size=16777216"
    "memorysetup-profiler-editor-allocator-block-size=1048576"
    "memorysetup-temp-allocator-size-main=16777216"
    "memorysetup-job-temp-allocator-block-size=2097152"
    "memorysetup-job-temp-allocator-block-size-background=1048576"
    "memorysetup-job-temp-allocator-reduction-small-platforms=262144"
    "memorysetup-allocator-temp-initial-block-size-main=262144"
    "memorysetup-allocator-temp-initial-block-size-worker=262144"
    "memorysetup-temp-allocator-size-background-worker=32768"
    "memorysetup-temp-allocator-size-job-worker=262144"
    "memorysetup-temp-allocator-size-preload-manager=33554432"
    "memorysetup-temp-allocator-size-nav-mesh-worker=65536"
    "memorysetup-temp-allocator-size-audio-worker=65536"
    "memorysetup-temp-allocator-size-cloud-worker=32768"
    "memorysetup-temp-allocator-size-gi-baking-worker=262144"
    "memorysetup-temp-allocator-size-gfx=262144"
Player connection [13852] Host "[IP] 192.168.1.5 [Port] 0 [Flags] 2 [Guid] 807862116 [EditorId] 807862116 [Version] 1048832 [Id] WindowsEditor(7,DESKTOP-680FLLJ) [Debug] 1 [PackageName] WindowsEditor [ProjectName] Editor" joined multi-casting on [225.0.0.222:54997]...

Player connection [13852] Host "[IP] 192.168.1.5 [Port] 0 [Flags] 2 [Guid] 807862116 [EditorId] 807862116 [Version] 1048832 [Id] WindowsEditor(7,DESKTOP-680FLLJ) [Debug] 1 [PackageName] WindowsEditor [ProjectName] Editor" joined alternative multi-casting on [225.0.0.222:34997]...

[Physics::Module] Initialized MultithreadedJobDispatcher with 7 workers.
Refreshing native plugins compatible for Editor in 15.90 ms, found 3 plugins.
Preloading 0 native plugins for Editor in 0.00 ms.
Initialize engine version: 2022.3.20f1 (61c2feb0970d)
[Subsystems] Discovering subsystems at path C:/Program Files/Unity/Hub/Editor/2022.3.20f1/Editor/Data/Resources/UnitySubsystems
[Subsystems] Discovering subsystems at path D:/UnityExercise/Create With Code/GameCity/Assets
GfxDevice: creating device client; threaded=0; jobified=0
Direct3D:
    Version:  Direct3D 11.0 [level 11.0]
    Renderer: NVIDIA GeForce MX130 (ID=0x174d)
    Vendor:   NVIDIA
    VRAM:     2008 MB
    Driver:   31.0.15.4633
Initialize mono
Mono path[0] = 'C:/Program Files/Unity/Hub/Editor/2022.3.20f1/Editor/Data/Managed'
Mono path[1] = 'C:/Program Files/Unity/Hub/Editor/2022.3.20f1/Editor/Data/MonoBleedingEdge/lib/mono/unityjit-win32'
Mono config path = 'C:/Program Files/Unity/Hub/Editor/2022.3.20f1/Editor/Data/MonoBleedingEdge/etc'
Using monoOptions --debugger-agent=transport=dt_socket,embedding=1,server=y,suspend=n,address=127.0.0.1:56888
Begin MonoManager ReloadAssembly
Registering precompiled unity dll's ...
Register platform support module: C:/Program Files/Unity/Hub/Editor/2022.3.20f1/Editor/Data/PlaybackEngines/WebGLSupport/UnityEditor.WebGL.Extensions.dll
Register platform support module: C:/Program Files/Unity/Hub/Editor/2022.3.20f1/Editor/Data/PlaybackEngines/iOSSupport/UnityEditor.iOS.Extensions.dll
Register platform support module: C:/Program Files/Unity/Hub/Editor/2022.3.20f1/Editor/Data/PlaybackEngines/WindowsStandaloneSupport/UnityEditor.WindowsStandalone.Extensions.dll
Registered in 0.033570 seconds.
- Loaded All Assemblies, in  0.875 seconds
Native extension for WindowsStandalone target not found
[usbmuxd] Start listen thread
[usbmuxd] Listen thread started
Native extension for iOS target not found
Native extension for WebGL target not found
Mono: successfully reloaded assembly
- Finished resetting the current domain, in  0.681 seconds
Domain Reload Profiling: 1550ms
	BeginReloadAssembly (269ms)
		ExecutionOrderSort (0ms)
		DisableScriptedObjects (0ms)
		BackupInstance (0ms)
		ReleaseScriptingObjects (0ms)
		CreateAndSetChildDomain (2ms)
	RebuildCommonClasses (81ms)
	RebuildNativeTypeToScriptingClass (27ms)
	initialDomainReloadingComplete (152ms)
	LoadAllAssembliesAndSetupDomain (338ms)
		LoadAssemblies (264ms)
		RebuildTransferFunctionScriptingTraits (0ms)
		AnalyzeDomain (333ms)
			TypeCache.Refresh (330ms)
				TypeCache.ScanAssembly (296ms)
			ScanForSourceGeneratedMonoScriptInfo (1ms)
			ResolveRequiredComponents (1ms)
	FinalizeReload (682ms)
		ReleaseScriptCaches (0ms)
		RebuildScriptCaches (0ms)
		SetupLoadedEditorAssemblies (548ms)
			LogAssemblyErrors (0ms)
			InitializePlatformSupportModulesInManaged (82ms)
			SetLoadedEditorAssemblies (16ms)
			RefreshPlugins (0ms)
			BeforeProcessingInitializeOnLoad (8ms)
			ProcessInitializeOnLoadAttributes (336ms)
			ProcessInitializeOnLoadMethodAttributes (105ms)
			AfterProcessingInitializeOnLoad (0ms)
			EditorAssembliesLoaded (0ms)
		ExecutionOrderSort2 (0ms)
		AwakeInstancesAfterBackupRestoration (0ms)
========================================================================
Worker process is ready to serve import requests
Begin MonoManager ReloadAssembly
- Loaded All Assemblies, in  2.770 seconds
Refreshing native plugins compatible for Editor in 10.70 ms, found 3 plugins.
Native extension for WindowsStandalone target not found
Native extension for iOS target not found
Native extension for WebGL target not found
Package Manager log level set to [2]
[Package Manager] Server::EnsureServerProcessIsRunning -- launch failed, reason: Unity was launched with the -noUpm command-line argument
[Package Manager] UpmClient::Send -- Unable to send message (not connected to UPM process).
[Package Manager] Cannot connect to Unity Package Manager local server
Mono: successfully reloaded assembly
- Finished resetting the current domain, in  3.988 seconds
Domain Reload Profiling: 6755ms
	BeginReloadAssembly (397ms)
		ExecutionOrderSort (0ms)
		DisableScriptedObjects (16ms)
		BackupInstance (0ms)
		ReleaseScriptingObjects (0ms)
		CreateAndSetChildDomain (48ms)
	RebuildCommonClasses (176ms)
	RebuildNativeTypeToScriptingClass (55ms)
	initialDomainReloadingComplete (134ms)
	LoadAllAssembliesAndSetupDomain (2004ms)
		LoadAssemblies (1081ms)
		RebuildTransferFunctionScriptingTraits (0ms)
		AnalyzeDomain (1166ms)
			TypeCache.Refresh (1047ms)
				TypeCache.ScanAssembly (952ms)
			ScanForSourceGeneratedMonoScriptInfo (86ms)
			ResolveRequiredComponents (27ms)
	FinalizeReload (3989ms)
		ReleaseScriptCaches (0ms)
		RebuildScriptCaches (0ms)
		SetupLoadedEditorAssemblies (3213ms)
			LogAssemblyErrors (0ms)
			InitializePlatformSupportModulesInManaged (126ms)
			SetLoadedEditorAssemblies (24ms)
			RefreshPlugins (0ms)
			BeforeProcessingInitializeOnLoad (458ms)
			ProcessInitializeOnLoadAttributes (2488ms)
			ProcessInitializeOnLoadMethodAttributes (74ms)
			AfterProcessingInitializeOnLoad (41ms)
			EditorAssembliesLoaded (0ms)
		ExecutionOrderSort2 (0ms)
		AwakeInstancesAfterBackupRestoration (22ms)
Launched and connected shader compiler UnityShaderCompiler.exe after 0.13 seconds
Refreshing native plugins compatible for Editor in 10.72 ms, found 3 plugins.
Preloading 0 native plugins for Editor in 0.00 ms.
Unloading 3114 Unused Serialized files (Serialized files now loaded: 0)
Unloading 32 unused Assets / (57.6 KB). Loaded Objects now: 3594.
Memory consumption went from 138.4 MB to 138.4 MB.
Total: 13.571100 ms (FindLiveObjects: 0.596700 ms CreateObjectMapping: 0.819700 ms MarkObjects: 11.828200 ms  DeleteObjects: 0.323800 ms)

AssetImportParameters requested are different than current active one (requested -> active):
  custom:container-demuxer-ogg: 62fdf1f143b41e24485cea50d1cbac27 -> 
  custom:video-decoder-ogg-theora: a1e56fd34408186e4bbccfd4996cb3dc -> 
  custom:framework-win-MediaFoundation: 216162199b28c13a410421893ffa2e32 -> 
  custom:CustomObjectIndexerAttribute: 6d391050e5a25f67b0a2c618074f2cd9 -> 
  custom:container-demuxer-webm: 4f35f7cbe854078d1ac9338744f61a02 -> 
  custom:container-muxer-webm: aa71ff27fc2769a1b78a27578f13a17b -> 
  custom:video-decoder-webm-vp8: 9c59270c3fd7afecdb556c50c9e8de78 -> 
  custom:SearchIndexIgnoredProperties: e643bd26f0fe6173181afceb89e7c659 -> 
  custom:AudioImporter_EditorPlatform: d09bf68614088b80899f8185d706f6e7 -> 
  custom:video-encoder-webm-vp8: eb34c28f22e8b96e1ab97ce403110664 -> 
  custom:audio-decoder-ogg-vorbis: bf7c407c2cedff20999df2af8eb42d56 -> 
  custom:audio-encoder-webm-vorbis: bf7c407c2cedff20999df2af8eb42d56 -> 
========================================================================
Received Import Request.
  Time since last request: 41052.246304 seconds.
  path: Assets/AssetImport/Sound
  artifactKey: Guid(86e54725996604f1cb65d01e4784924f) Importer(815301076,1909f56bfc062723c751e8b465ee728b)
Start importing Assets/AssetImport/Sound using Guid(86e54725996604f1cb65d01e4784924f) Importer(815301076,1909f56bfc062723c751e8b465ee728b)  -> (artifact id: '9a6cd93fc1a220ab9165cdc722ebc947') in 0.008193 seconds
Number of updated asset objects reloaded before import = 0
Number of asset objects unloaded after import = 0
========================================================================
Received Prepare
Begin MonoManager ReloadAssembly
- Loaded All Assemblies, in  1.434 seconds
Refreshing native plugins compatible for Editor in 9.13 ms, found 3 plugins.
Native extension for WindowsStandalone target not found
Native extension for iOS target not found
Native extension for WebGL target not found
[Package Manager] Server::EnsureServerProcessIsRunning -- launch failed, reason: Unity was launched with the -noUpm command-line argument
[Package Manager] UpmClient::Send -- Unable to send message (not connected to UPM process).
[Package Manager] Cannot connect to Unity Package Manager local server
Mono: successfully reloaded assembly
- Finished resetting the current domain, in  3.514 seconds
Domain Reload Profiling: 4938ms
	BeginReloadAssembly (462ms)
		ExecutionOrderSort (0ms)
		DisableScriptedObjects (20ms)
		BackupInstance (0ms)
		ReleaseScriptingObjects (0ms)
		CreateAndSetChildDomain (91ms)
	RebuildCommonClasses (103ms)
	RebuildNativeTypeToScriptingClass (32ms)
	initialDomainReloadingComplete (92ms)
	LoadAllAssembliesAndSetupDomain (734ms)
		LoadAssemblies (935ms)
		RebuildTransferFunctionScriptingTraits (0ms)
		AnalyzeDomain (78ms)
			TypeCache.Refresh (22ms)
				TypeCache.ScanAssembly (1ms)
			ScanForSourceGeneratedMonoScriptInfo (28ms)
			ResolveRequiredComponents (22ms)
	FinalizeReload (3515ms)
		ReleaseScriptCaches (0ms)
		RebuildScriptCaches (0ms)
		SetupLoadedEditorAssemblies (2031ms)
			LogAssemblyErrors (0ms)
			InitializePlatformSupportModulesInManaged (94ms)
			SetLoadedEditorAssemblies (18ms)
			RefreshPlugins (0ms)
			BeforeProcessingInitializeOnLoad (296ms)
			ProcessInitializeOnLoadAttributes (1559ms)
			ProcessInitializeOnLoadMethodAttributes (44ms)
			AfterProcessingInitializeOnLoad (21ms)
			EditorAssembliesLoaded (0ms)
		ExecutionOrderSort2 (0ms)
		AwakeInstancesAfterBackupRestoration (14ms)
Refreshing native plugins compatible for Editor in 3.66 ms, found 3 plugins.
Preloading 0 native plugins for Editor in 0.00 ms.
Unloading 3093 Unused Serialized files (Serialized files now loaded: 0)
Unloading 23 unused Assets / (31.1 KB). Loaded Objects now: 3597.
Memory consumption went from 135.7 MB to 135.7 MB.
Total: 5.716500 ms (FindLiveObjects: 0.426700 ms CreateObjectMapping: 0.383000 ms MarkObjects: 4.820400 ms  DeleteObjects: 0.084600 ms)

Prepare: number of updated asset objects reloaded= 0
AssetImportParameters requested are different than current active one (requested -> active):
  custom:container-demuxer-ogg: 62fdf1f143b41e24485cea50d1cbac27 -> 
  custom:video-decoder-ogg-theora: a1e56fd34408186e4bbccfd4996cb3dc -> 
  custom:framework-win-MediaFoundation: 216162199b28c13a410421893ffa2e32 -> 
  custom:CustomObjectIndexerAttribute: 6d391050e5a25f67b0a2c618074f2cd9 -> 
  custom:container-demuxer-webm: 4f35f7cbe854078d1ac9338744f61a02 -> 
  custom:container-muxer-webm: aa71ff27fc2769a1b78a27578f13a17b -> 
  custom:video-decoder-webm-vp8: 9c59270c3fd7afecdb556c50c9e8de78 -> 
  custom:SearchIndexIgnoredProperties: e643bd26f0fe6173181afceb89e7c659 -> 
  custom:AudioImporter_EditorPlatform: d09bf68614088b80899f8185d706f6e7 -> 
  custom:video-encoder-webm-vp8: eb34c28f22e8b96e1ab97ce403110664 -> 
  custom:audio-decoder-ogg-vorbis: bf7c407c2cedff20999df2af8eb42d56 -> 
  custom:audio-encoder-webm-vorbis: bf7c407c2cedff20999df2af8eb42d56 -> 
========================================================================
Received Prepare
Begin MonoManager ReloadAssembly
- Loaded All Assemblies, in  0.825 seconds
Refreshing native plugins compatible for Editor in 4.01 ms, found 3 plugins.
Native extension for WindowsStandalone target not found
Native extension for iOS target not found
Native extension for WebGL target not found
[Package Manager] Server::EnsureServerProcessIsRunning -- launch failed, reason: Unity was launched with the -noUpm command-line argument
[Package Manager] UpmClient::Send -- Unable to send message (not connected to UPM process).
[Package Manager] Cannot connect to Unity Package Manager local server
Mono: successfully reloaded assembly
- Finished resetting the current domain, in  2.882 seconds
Domain Reload Profiling: 3704ms
	BeginReloadAssembly (284ms)
		ExecutionOrderSort (0ms)
		DisableScriptedObjects (10ms)
		BackupInstance (0ms)
		ReleaseScriptingObjects (0ms)
		CreateAndSetChildDomain (67ms)
	RebuildCommonClasses (63ms)
	RebuildNativeTypeToScriptingClass (24ms)
	initialDomainReloadingComplete (59ms)
	LoadAllAssembliesAndSetupDomain (390ms)
		LoadAssemblies (526ms)
		RebuildTransferFunctionScriptingTraits (0ms)
		AnalyzeDomain (22ms)
			TypeCache.Refresh (10ms)
				TypeCache.ScanAssembly (0ms)
			ScanForSourceGeneratedMonoScriptInfo (0ms)
			ResolveRequiredComponents (10ms)
	FinalizeReload (2884ms)
		ReleaseScriptCaches (0ms)
		RebuildScriptCaches (0ms)
		SetupLoadedEditorAssemblies (1991ms)
			LogAssemblyErrors (0ms)
			InitializePlatformSupportModulesInManaged (63ms)
			SetLoadedEditorAssemblies (13ms)
			RefreshPlugins (0ms)
			BeforeProcessingInitializeOnLoad (208ms)
			ProcessInitializeOnLoadAttributes (1606ms)
			ProcessInitializeOnLoadMethodAttributes (67ms)
			AfterProcessingInitializeOnLoad (33ms)
			EditorAssembliesLoaded (1ms)
		ExecutionOrderSort2 (0ms)
		AwakeInstancesAfterBackupRestoration (23ms)
Refreshing native plugins compatible for Editor in 5.75 ms, found 3 plugins.
Preloading 0 native plugins for Editor in 0.00 ms.
Unloading 3094 Unused Serialized files (Serialized files now loaded: 0)
Unloading 23 unused Assets / (31.1 KB). Loaded Objects now: 3600.
Memory consumption went from 137.9 MB to 137.8 MB.
Total: 8.768400 ms (FindLiveObjects: 0.537500 ms CreateObjectMapping: 0.654700 ms MarkObjects: 7.484400 ms  DeleteObjects: 0.089600 ms)

Prepare: number of updated asset objects reloaded= 0
AssetImportParameters requested are different than current active one (requested -> active):
  custom:container-demuxer-ogg: 62fdf1f143b41e24485cea50d1cbac27 -> 
  custom:video-decoder-ogg-theora: a1e56fd34408186e4bbccfd4996cb3dc -> 
  custom:framework-win-MediaFoundation: 216162199b28c13a410421893ffa2e32 -> 
  custom:CustomObjectIndexerAttribute: 6d391050e5a25f67b0a2c618074f2cd9 -> 
  custom:container-demuxer-webm: 4f35f7cbe854078d1ac9338744f61a02 -> 
  custom:container-muxer-webm: aa71ff27fc2769a1b78a27578f13a17b -> 
  custom:video-decoder-webm-vp8: 9c59270c3fd7afecdb556c50c9e8de78 -> 
  custom:SearchIndexIgnoredProperties: e643bd26f0fe6173181afceb89e7c659 -> 
  custom:AudioImporter_EditorPlatform: d09bf68614088b80899f8185d706f6e7 -> 
  custom:video-encoder-webm-vp8: eb34c28f22e8b96e1ab97ce403110664 -> 
  custom:audio-decoder-ogg-vorbis: bf7c407c2cedff20999df2af8eb42d56 -> 
  custom:audio-encoder-webm-vorbis: bf7c407c2cedff20999df2af8eb42d56 -> 
========================================================================
Received Import Request.
  Time since last request: 78.575161 seconds.
  path: Assets/Prefabs/Coin.prefab
  artifactKey: Guid(45d8c40ffd2845f4682f843faf373710) Importer(815301076,1909f56bfc062723c751e8b465ee728b)
Start importing Assets/Prefabs/Coin.prefab using Guid(45d8c40ffd2845f4682f843faf373710) Importer(815301076,1909f56bfc062723c751e8b465ee728b)  -> (artifact id: '193547861b89e1119bde2bbdf5008977') in 0.220026 seconds
Number of updated asset objects reloaded before import = 0
Number of asset objects unloaded after import = 10
========================================================================
Received Prepare
Begin MonoManager ReloadAssembly
- Loaded All Assemblies, in  0.828 seconds
Refreshing native plugins compatible for Editor in 3.32 ms, found 3 plugins.
Native extension for WindowsStandalone target not found
Native extension for iOS target not found
Native extension for WebGL target not found
[Package Manager] Server::EnsureServerProcessIsRunning -- launch failed, reason: Unity was launched with the -noUpm command-line argument
[Package Manager] UpmClient::Send -- Unable to send message (not connected to UPM process).
[Package Manager] Cannot connect to Unity Package Manager local server
Mono: successfully reloaded assembly
- Finished resetting the current domain, in  2.586 seconds
Domain Reload Profiling: 3410ms
	BeginReloadAssembly (280ms)
		ExecutionOrderSort (0ms)
		DisableScriptedObjects (9ms)
		BackupInstance (0ms)
		ReleaseScriptingObjects (0ms)
		CreateAndSetChildDomain (60ms)
	RebuildCommonClasses (65ms)
	RebuildNativeTypeToScriptingClass (22ms)
	initialDomainReloadingComplete (70ms)
	LoadAllAssembliesAndSetupDomain (385ms)
		LoadAssemblies (515ms)
		RebuildTransferFunctionScriptingTraits (0ms)
		AnalyzeDomain (25ms)
			TypeCache.Refresh (11ms)
				TypeCache.ScanAssembly (0ms)
			ScanForSourceGeneratedMonoScriptInfo (0ms)
			ResolveRequiredComponents (11ms)
	FinalizeReload (2587ms)
		ReleaseScriptCaches (0ms)
		RebuildScriptCaches (0ms)
		SetupLoadedEditorAssemblies (1782ms)
			LogAssemblyErrors (0ms)
			InitializePlatformSupportModulesInManaged (67ms)
			SetLoadedEditorAssemblies (10ms)
			RefreshPlugins (0ms)
			BeforeProcessingInitializeOnLoad (235ms)
			ProcessInitializeOnLoadAttributes (1388ms)
			ProcessInitializeOnLoadMethodAttributes (56ms)
			AfterProcessingInitializeOnLoad (25ms)
			EditorAssembliesLoaded (0ms)
		ExecutionOrderSort2 (0ms)
		AwakeInstancesAfterBackupRestoration (16ms)
Refreshing native plugins compatible for Editor in 4.90 ms, found 3 plugins.
Preloading 0 native plugins for Editor in 0.00 ms.
Unloading 3093 Unused Serialized files (Serialized files now loaded: 0)
Unloading 23 unused Assets / (31.2 KB). Loaded Objects now: 3611.
Memory consumption went from 144.0 MB to 144.0 MB.
Total: 5.530500 ms (FindLiveObjects: 0.416500 ms CreateObjectMapping: 0.390000 ms MarkObjects: 4.648800 ms  DeleteObjects: 0.073600 ms)

Prepare: number of updated asset objects reloaded= 0
AssetImportParameters requested are different than current active one (requested -> active):
  custom:container-demuxer-ogg: 62fdf1f143b41e24485cea50d1cbac27 -> 
  custom:video-decoder-ogg-theora: a1e56fd34408186e4bbccfd4996cb3dc -> 
  custom:framework-win-MediaFoundation: 216162199b28c13a410421893ffa2e32 -> 
  custom:CustomObjectIndexerAttribute: 6d391050e5a25f67b0a2c618074f2cd9 -> 
  custom:container-demuxer-webm: 4f35f7cbe854078d1ac9338744f61a02 -> 
  custom:container-muxer-webm: aa71ff27fc2769a1b78a27578f13a17b -> 
  custom:video-decoder-webm-vp8: 9c59270c3fd7afecdb556c50c9e8de78 -> 
  custom:SearchIndexIgnoredProperties: e643bd26f0fe6173181afceb89e7c659 -> 
  custom:AudioImporter_EditorPlatform: d09bf68614088b80899f8185d706f6e7 -> 
  custom:video-encoder-webm-vp8: eb34c28f22e8b96e1ab97ce403110664 -> 
  custom:audio-decoder-ogg-vorbis: bf7c407c2cedff20999df2af8eb42d56 -> 
  custom:audio-encoder-webm-vorbis: bf7c407c2cedff20999df2af8eb42d56 -> 
========================================================================
Received Import Request.
  Time since last request: 259.009160 seconds.
  path: Assets/AssetImport/Main/Meshes,textures/props_FBX/Materials/stone 2.007.mat
  artifactKey: Guid(8e43e261c0e98fc469ca21ae50f27817) Importer(815301076,1909f56bfc062723c751e8b465ee728b)
Start importing Assets/AssetImport/Main/Meshes,textures/props_FBX/Materials/stone 2.007.mat using Guid(8e43e261c0e98fc469ca21ae50f27817) Importer(815301076,1909f56bfc062723c751e8b465ee728b)  -> (artifact id: '7ceb2031c501389c36fdc997d80f8485') in 0.204601 seconds
Number of updated asset objects reloaded before import = 0
Number of asset objects unloaded after import = 1
========================================================================
Received Import Request.
  Time since last request: 0.000048 seconds.
  path: Assets/AssetImport/Main/Meshes,textures/props_FBX/Materials/wood.mat
  artifactKey: Guid(9f566002285560e44923c03bccb3b07c) Importer(815301076,1909f56bfc062723c751e8b465ee728b)
Start importing Assets/AssetImport/Main/Meshes,textures/props_FBX/Materials/wood.mat using Guid(9f566002285560e44923c03bccb3b07c) Importer(815301076,1909f56bfc062723c751e8b465ee728b)  -> (artifact id: '562ca96ad66873288ba7a0eb50876221') in 0.031037 seconds
Number of updated asset objects reloaded before import = 0
Number of asset objects unloaded after import = 1
========================================================================
Received Import Request.
  Time since last request: 0.000062 seconds.
  path: Assets/AssetImport/Main/Meshes,textures/Shops_FBX/Materials/Street.mat
  artifactKey: Guid(290fd4174e49c64499d7ec94dbd7e10e) Importer(815301076,1909f56bfc062723c751e8b465ee728b)
Start importing Assets/AssetImport/Main/Meshes,textures/Shops_FBX/Materials/Street.mat using Guid(290fd4174e49c64499d7ec94dbd7e10e) Importer(815301076,1909f56bfc062723c751e8b465ee728b)  -> (artifact id: '8a1fa79af039dd42bb441cfdaf93aecb') in 0.023274 seconds
Number of updated asset objects reloaded before import = 0
Number of asset objects unloaded after import = 1
========================================================================
Received Import Request.
  Time since last request: 0.000039 seconds.
  path: Assets/AssetImport/Main/Meshes,textures/Buildings_FBX/Materials/Window_board.mat
  artifactKey: Guid(70f810e832db40d43898225a3b8b4082) Importer(815301076,1909f56bfc062723c751e8b465ee728b)
Start importing Assets/AssetImport/Main/Meshes,textures/Buildings_FBX/Materials/Window_board.mat using Guid(70f810e832db40d43898225a3b8b4082) Importer(815301076,1909f56bfc062723c751e8b465ee728b)  -> (artifact id: '1eb0f880d03652e32feb8207fe34f6a4') in 0.023252 seconds
Number of updated asset objects reloaded before import = 0
Number of asset objects unloaded after import = 1
========================================================================
Received Import Request.
  Time since last request: 0.000032 seconds.
  path: Assets/AssetImport/Main/Materials/Material_meshs/street 1.mat
  artifactKey: Guid(8c68b30c228ba1e478ff2433f4f83ba0) Importer(815301076,1909f56bfc062723c751e8b465ee728b)
Start importing Assets/AssetImport/Main/Materials/Material_meshs/street 1.mat using Guid(8c68b30c228ba1e478ff2433f4f83ba0) Importer(815301076,1909f56bfc062723c751e8b465ee728b)  -> (artifact id: 'a9f8627cc95571923d3b6a97fba260fd') in 0.042292 seconds
Number of updated asset objects reloaded before import = 0
Number of asset objects unloaded after import = 2
========================================================================
Received Import Request.
  Time since last request: 0.000027 seconds.
  path: Assets/AssetImport/Main/Meshes,textures/Buildings_FBX/Materials/windows2.mat
  artifactKey: Guid(36dac64032b6efe4fb1632bc45de8285) Importer(815301076,1909f56bfc062723c751e8b465ee728b)
Start importing Assets/AssetImport/Main/Meshes,textures/Buildings_FBX/Materials/windows2.mat using Guid(36dac64032b6efe4fb1632bc45de8285) Importer(815301076,1909f56bfc062723c751e8b465ee728b)  -> (artifact id: '08ecf719b1d11ae3239c384f3876ff10') in 0.023332 seconds
Number of updated asset objects reloaded before import = 0
Number of asset objects unloaded after import = 1
========================================================================
Received Import Request.
  Time since last request: 0.000029 seconds.
  path: Assets/AssetImport/Main/Materials/Material_meshs/wood pot.mat
  artifactKey: Guid(4ab9b41d9d99ce346be37a4aaa2c5c8f) Importer(815301076,1909f56bfc062723c751e8b465ee728b)
Start importing Assets/AssetImport/Main/Materials/Material_meshs/wood pot.mat using Guid(4ab9b41d9d99ce346be37a4aaa2c5c8f) Importer(815301076,1909f56bfc062723c751e8b465ee728b)  -> (artifact id: '2de2c175cfc29a191274e83de0196502') in 0.040986 seconds
Number of updated asset objects reloaded before import = 0
Number of asset objects unloaded after import = 2
========================================================================
Received Import Request.
  Time since last request: 0.000043 seconds.
  path: Assets/AssetImport/Main/Meshes,textures/props_FBX/Materials/pole.mat
  artifactKey: Guid(13c91d5bb9e0fb54cb9a8f01a7fc2db6) Importer(815301076,1909f56bfc062723c751e8b465ee728b)
Start importing Assets/AssetImport/Main/Meshes,textures/props_FBX/Materials/pole.mat using Guid(13c91d5bb9e0fb54cb9a8f01a7fc2db6) Importer(815301076,1909f56bfc062723c751e8b465ee728b)  -> (artifact id: '0c198c63bfdff5b0601efb6017e61163') in 0.028189 seconds
Number of updated asset objects reloaded before import = 0
Number of asset objects unloaded after import = 1
========================================================================
Received Import Request.
  Time since last request: 0.000049 seconds.
  path: Assets/AssetImport/Main/Meshes,textures/traffic signs FBX/Materials/stop_sign.mat
  artifactKey: Guid(86400b15e18ecf944b0bad0705a22883) Importer(815301076,1909f56bfc062723c751e8b465ee728b)
Start importing Assets/AssetImport/Main/Meshes,textures/traffic signs FBX/Materials/stop_sign.mat using Guid(86400b15e18ecf944b0bad0705a22883) Importer(815301076,1909f56bfc062723c751e8b465ee728b)  -> (artifact id: 'e258c0df725cdf3f46ebafc1231e4bd9') in 0.043455 seconds
Number of updated asset objects reloaded before import = 0
Number of asset objects unloaded after import = 2
========================================================================
Received Import Request.
  Time since last request: 0.000030 seconds.
  path: Assets/AssetImport/Main/Meshes,textures/Buildings_FBX/Materials/wood 2.mat
  artifactKey: Guid(b4e4fed285f03af4482a8dfc120c23c5) Importer(815301076,1909f56bfc062723c751e8b465ee728b)
Start importing Assets/AssetImport/Main/Meshes,textures/Buildings_FBX/Materials/wood 2.mat using Guid(b4e4fed285f03af4482a8dfc120c23c5) Importer(815301076,1909f56bfc062723c751e8b465ee728b)  -> (artifact id: 'd86ddf14ba1af5a4bec237bc2eb77ba3') in 0.028609 seconds
Number of updated asset objects reloaded before import = 0
Number of asset objects unloaded after import = 1
========================================================================
Received Import Request.
  Time since last request: 0.000036 seconds.
  path: Assets/AssetImport/Main/Meshes,textures/Buildings_FBX/Materials/Stone_01.mat
  artifactKey: Guid(5d0bac34263b52a4d82923b730a66c3c) Importer(815301076,1909f56bfc062723c751e8b465ee728b)
Start importing Assets/AssetImport/Main/Meshes,textures/Buildings_FBX/Materials/Stone_01.mat using Guid(5d0bac34263b52a4d82923b730a66c3c) Importer(815301076,1909f56bfc062723c751e8b465ee728b)  -> (artifact id: '7f6baae3bc36542accd152da984fab2b') in 0.107330 seconds
Number of updated asset objects reloaded before import = 0
Number of asset objects unloaded after import = 1
========================================================================
Received Import Request.
  Time since last request: 0.000049 seconds.
  path: Assets/AssetImport/Main/Meshes,textures/Buildings_FBX/Materials/Wood 3.mat
  artifactKey: Guid(8d0badf8824e546418182cce249a0475) Importer(815301076,1909f56bfc062723c751e8b465ee728b)
Start importing Assets/AssetImport/Main/Meshes,textures/Buildings_FBX/Materials/Wood 3.mat using Guid(8d0badf8824e546418182cce249a0475) Importer(815301076,1909f56bfc062723c751e8b465ee728b)  -> (artifact id: '9a93613d20781dc013d5d9d302b75a0e') in 0.041780 seconds
Number of updated asset objects reloaded before import = 0
Number of asset objects unloaded after import = 1
========================================================================
Received Import Request.
  Time since last request: 0.000054 seconds.
  path: Assets/AssetImport/Main/Meshes,textures/Buildings_FBX/Materials/windows1.mat
  artifactKey: Guid(42e2c0a35124bfb4588fe337e9df1914) Importer(815301076,1909f56bfc062723c751e8b465ee728b)
Start importing Assets/AssetImport/Main/Meshes,textures/Buildings_FBX/Materials/windows1.mat using Guid(42e2c0a35124bfb4588fe337e9df1914) Importer(815301076,1909f56bfc062723c751e8b465ee728b)  -> (artifact id: '975cd6406d50f2fa456018402f31be04') in 0.030214 seconds
Number of updated asset objects reloaded before import = 0
Number of asset objects unloaded after import = 1
========================================================================
Received Import Request.
  Time since last request: 0.000029 seconds.
  path: Assets/AssetImport/Main/Materials/Material_meshs/street 7.mat
  artifactKey: Guid(b991b79651d0c31409fa826ebb42f3d7) Importer(815301076,1909f56bfc062723c751e8b465ee728b)
Start importing Assets/AssetImport/Main/Materials/Material_meshs/street 7.mat using Guid(b991b79651d0c31409fa826ebb42f3d7) Importer(815301076,1909f56bfc062723c751e8b465ee728b)  -> (artifact id: '0339afff9bd500b8ee15354204ce2014') in 0.047888 seconds
Number of updated asset objects reloaded before import = 0
Number of asset objects unloaded after import = 2
========================================================================
Received Import Request.
  Time since last request: 0.000031 seconds.
  path: Assets/AssetImport/Main/Materials/traffic light/Yellow light.mat
  artifactKey: Guid(2495a7e75efcd184eba75fee16e04d42) Importer(815301076,1909f56bfc062723c751e8b465ee728b)
Start importing Assets/AssetImport/Main/Materials/traffic light/Yellow light.mat using Guid(2495a7e75efcd184eba75fee16e04d42) Importer(815301076,1909f56bfc062723c751e8b465ee728b)  -> (artifact id: '5dbe1d87e4532831aff0ec0c84c065dd') in 0.026497 seconds
Number of updated asset objects reloaded before import = 0
Number of asset objects unloaded after import = 1
========================================================================
Received Import Request.
  Time since last request: 0.000046 seconds.
  path: Assets/AssetImport/Main/Meshes,textures/Buildings_FBX/Materials/Stone_02.mat
  artifactKey: Guid(71f545ed210932241a689b44b65aac35) Importer(815301076,1909f56bfc062723c751e8b465ee728b)
Start importing Assets/AssetImport/Main/Meshes,textures/Buildings_FBX/Materials/Stone_02.mat using Guid(71f545ed210932241a689b44b65aac35) Importer(815301076,1909f56bfc062723c751e8b465ee728b)  -> (artifact id: '2126c3dee23cf373e1e4792b882710c1') in 0.029411 seconds
Number of updated asset objects reloaded before import = 0
Number of asset objects unloaded after import = 1
========================================================================
Received Import Request.
  Time since last request: 0.000074 seconds.
  path: Assets/AssetImport/Main/Meshes,textures/Buildings_FBX/Materials/Windows_01.mat
  artifactKey: Guid(be3547b9509027d468c89fd19406e4cc) Importer(815301076,1909f56bfc062723c751e8b465ee728b)
Start importing Assets/AssetImport/Main/Meshes,textures/Buildings_FBX/Materials/Windows_01.mat using Guid(be3547b9509027d468c89fd19406e4cc) Importer(815301076,1909f56bfc062723c751e8b465ee728b)  -> (artifact id: 'c430399c64ba74e8c5dedbec862ba74c') in 0.025308 seconds
Number of updated asset objects reloaded before import = 0
Number of asset objects unloaded after import = 1
========================================================================
Received Import Request.
  Time since last request: 0.000033 seconds.
  path: Assets/AssetImport/Main/Meshes,textures/Buildings_FBX/Materials/platt 2.mat
  artifactKey: Guid(5e630e1c520e873418764ba99ff41b90) Importer(815301076,1909f56bfc062723c751e8b465ee728b)
Start importing Assets/AssetImport/Main/Meshes,textures/Buildings_FBX/Materials/platt 2.mat using Guid(5e630e1c520e873418764ba99ff41b90) Importer(815301076,1909f56bfc062723c751e8b465ee728b)  -> (artifact id: '5d4ae2a2ddcc42ffb6388dbaed8077e9') in 0.024899 seconds
Number of updated asset objects reloaded before import = 0
Number of asset objects unloaded after import = 1
========================================================================
Received Import Request.
  Time since last request: 0.000030 seconds.
  path: Assets/AssetImport/Main/Materials/Material_meshs/Pot_tree.mat
  artifactKey: Guid(3b40b8ee00299524ea7fc922043f7454) Importer(815301076,1909f56bfc062723c751e8b465ee728b)
Start importing Assets/AssetImport/Main/Materials/Material_meshs/Pot_tree.mat using Guid(3b40b8ee00299524ea7fc922043f7454) Importer(815301076,1909f56bfc062723c751e8b465ee728b)  -> (artifact id: '6a1d79bc7976b018f37a3d73170bea74') in 0.041883 seconds
Number of updated asset objects reloaded before import = 0
Number of asset objects unloaded after import = 2
========================================================================
Received Import Request.
  Time since last request: 0.000041 seconds.
  path: Assets/AssetImport/Main/Materials/Material_meshs/street 6.mat
  artifactKey: Guid(be8e1d853d066054791a5c07f41a04ae) Importer(815301076,1909f56bfc062723c751e8b465ee728b)
Start importing Assets/AssetImport/Main/Materials/Material_meshs/street 6.mat using Guid(be8e1d853d066054791a5c07f41a04ae) Importer(815301076,1909f56bfc062723c751e8b465ee728b)  -> (artifact id: 'b370a765c42ad698f13dce4975692102') in 0.045284 seconds
Number of updated asset objects reloaded before import = 0
Number of asset objects unloaded after import = 2
========================================================================
Received Import Request.
  Time since last request: 0.000036 seconds.
  path: Assets/AssetImport/Main/Meshes,textures/Buildings_FBX/Materials/Window1.mat
  artifactKey: Guid(865527e5af7e3674d87eff767ed1f29a) Importer(815301076,1909f56bfc062723c751e8b465ee728b)
Start importing Assets/AssetImport/Main/Meshes,textures/Buildings_FBX/Materials/Window1.mat using Guid(865527e5af7e3674d87eff767ed1f29a) Importer(815301076,1909f56bfc062723c751e8b465ee728b)  -> (artifact id: 'd167705d2d175d4de62cf04e4aa53dcf') in 0.024516 seconds
Number of updated asset objects reloaded before import = 0
Number of asset objects unloaded after import = 1
========================================================================
Received Import Request.
  Time since last request: 0.000046 seconds.
  path: Assets/AssetImport/Main/Meshes,textures/Buildings_FBX/Materials/windowFrames.mat
  artifactKey: Guid(00aec1c00583d804f8132354d406ec96) Importer(815301076,1909f56bfc062723c751e8b465ee728b)
Start importing Assets/AssetImport/Main/Meshes,textures/Buildings_FBX/Materials/windowFrames.mat using Guid(00aec1c00583d804f8132354d406ec96) Importer(815301076,1909f56bfc062723c751e8b465ee728b)  -> (artifact id: 'b139ad246e5a2c982ca26f70dcd59a50') in 0.025896 seconds
Number of updated asset objects reloaded before import = 0
Number of asset objects unloaded after import = 1
========================================================================
Received Import Request.
  Time since last request: 0.000050 seconds.
  path: Assets/AssetImport/Main/Materials/Material_meshs/police.mat
  artifactKey: Guid(a199066e22e12114f948d0d042dee7c5) Importer(815301076,1909f56bfc062723c751e8b465ee728b)
Start importing Assets/AssetImport/Main/Materials/Material_meshs/police.mat using Guid(a199066e22e12114f948d0d042dee7c5) Importer(815301076,1909f56bfc062723c751e8b465ee728b)  -> (artifact id: '0f7131fd071a7ae93c6d86f3989392a5') in 0.028793 seconds
Number of updated asset objects reloaded before import = 0
Number of asset objects unloaded after import = 2
========================================================================
Received Import Request.
  Time since last request: 0.000032 seconds.
  path: Assets/AssetImport/Main/Meshes,textures/Buildings_FBX/Materials/Window_frames_02.mat
  artifactKey: Guid(ec07795990f586146bb4e722e020e7b9) Importer(815301076,1909f56bfc062723c751e8b465ee728b)
Start importing Assets/AssetImport/Main/Meshes,textures/Buildings_FBX/Materials/Window_frames_02.mat using Guid(ec07795990f586146bb4e722e020e7b9) Importer(815301076,1909f56bfc062723c751e8b465ee728b)  -> (artifact id: '764163258d58f8116486bf56692765f2') in 0.027323 seconds
Number of updated asset objects reloaded before import = 0
Number of asset objects unloaded after import = 1
========================================================================
Received Import Request.
  Time since last request: 0.000038 seconds.
  path: Assets/AssetImport/Main/Materials/Material_meshs/street 9.mat
  artifactKey: Guid(44e6f6a31667a0c46a4d3741b5e879d9) Importer(815301076,1909f56bfc062723c751e8b465ee728b)
Start importing Assets/AssetImport/Main/Materials/Material_meshs/street 9.mat using Guid(44e6f6a31667a0c46a4d3741b5e879d9) Importer(815301076,1909f56bfc062723c751e8b465ee728b)  -> (artifact id: 'ed4c718970b55b942c710730126c8314') in 0.046426 seconds
Number of updated asset objects reloaded before import = 0
Number of asset objects unloaded after import = 2
========================================================================
Received Import Request.
  Time since last request: 0.000030 seconds.
  path: Assets/AssetImport/Main/Meshes,textures/Buildings_FBX/Materials/Poles.mat
  artifactKey: Guid(d7860831e5a1044448a45fa973897536) Importer(815301076,1909f56bfc062723c751e8b465ee728b)
Start importing Assets/AssetImport/Main/Meshes,textures/Buildings_FBX/Materials/Poles.mat using Guid(d7860831e5a1044448a45fa973897536) Importer(815301076,1909f56bfc062723c751e8b465ee728b)  -> (artifact id: '7fc47c49617e8ebf2565d02579ed88cb') in 0.026971 seconds
Number of updated asset objects reloaded before import = 0
Number of asset objects unloaded after import = 1
========================================================================
Received Import Request.
  Time since last request: 0.000085 seconds.
  path: Assets/AssetImport/Main/Materials/Material_meshs/street 5.mat
  artifactKey: Guid(55f55d8f998363c4d91b7b94cb5a37ca) Importer(815301076,1909f56bfc062723c751e8b465ee728b)
Start importing Assets/AssetImport/Main/Materials/Material_meshs/street 5.mat using Guid(55f55d8f998363c4d91b7b94cb5a37ca) Importer(815301076,1909f56bfc062723c751e8b465ee728b)  -> (artifact id: 'a29502b424c8d0bab86db34d5c0249dc') in 0.029203 seconds
Number of updated asset objects reloaded before import = 0
Number of asset objects unloaded after import = 2
========================================================================
Received Import Request.
  Time since last request: 0.000052 seconds.
  path: Assets/AssetImport/Main/Meshes,textures/Buildings_FBX/Materials/wood 1.mat
  artifactKey: Guid(adbedd472da7fd64ab676850cb0c667b) Importer(815301076,1909f56bfc062723c751e8b465ee728b)
Start importing Assets/AssetImport/Main/Meshes,textures/Buildings_FBX/Materials/wood 1.mat using Guid(adbedd472da7fd64ab676850cb0c667b) Importer(815301076,1909f56bfc062723c751e8b465ee728b)  -> (artifact id: '2c4c928e152e7dd8d84143dd0c2f248c') in 0.023532 seconds
Number of updated asset objects reloaded before import = 0
Number of asset objects unloaded after import = 1
========================================================================
Received Import Request.
  Time since last request: 0.000152 seconds.
  path: Assets/AssetImport/Main/Meshes,textures/Buildings_FBX/Materials/Platt 1.mat
  artifactKey: Guid(f4150965db08c5f4e8c84db04176be17) Importer(815301076,1909f56bfc062723c751e8b465ee728b)
Start importing Assets/AssetImport/Main/Meshes,textures/Buildings_FBX/Materials/Platt 1.mat using Guid(f4150965db08c5f4e8c84db04176be17) Importer(815301076,1909f56bfc062723c751e8b465ee728b)  -> (artifact id: '91f823aaec39aff50a411e7f4d893cb8') in 0.028253 seconds
Number of updated asset objects reloaded before import = 0
Number of asset objects unloaded after import = 1
========================================================================
Received Import Request.
  Time since last request: 0.000044 seconds.
  path: Assets/AssetImport/Main/Meshes,textures/Buildings_FBX/Materials/Wood.mat
  artifactKey: Guid(1cbc904211a571d47aec1c0fda7f7727) Importer(815301076,1909f56bfc062723c751e8b465ee728b)
Start importing Assets/AssetImport/Main/Meshes,textures/Buildings_FBX/Materials/Wood.mat using Guid(1cbc904211a571d47aec1c0fda7f7727) Importer(815301076,1909f56bfc062723c751e8b465ee728b)  -> (artifact id: '51fd47ee92447a1f4d9b6833fd54c5ef') in 0.026455 seconds
Number of updated asset objects reloaded before import = 0
Number of asset objects unloaded after import = 1
========================================================================
Received Import Request.
  Time since last request: 0.000033 seconds.
  path: Assets/AssetImport/Main/Meshes,textures/props_FBX/Materials/Wrench.mat
  artifactKey: Guid(ae3720bde5deb094b8ad09f68783343d) Importer(815301076,1909f56bfc062723c751e8b465ee728b)
Start importing Assets/AssetImport/Main/Meshes,textures/props_FBX/Materials/Wrench.mat using Guid(ae3720bde5deb094b8ad09f68783343d) Importer(815301076,1909f56bfc062723c751e8b465ee728b)  -> (artifact id: '94cbea97399c00152dad764fea5c3dfb') in 0.028902 seconds
Number of updated asset objects reloaded before import = 0
Number of asset objects unloaded after import = 1
========================================================================
Received Import Request.
  Time since last request: 0.000051 seconds.
  path: Assets/AssetImport/Main/Meshes,textures/Shops_FBX/Materials/Pole.mat
  artifactKey: Guid(a91010901bdc49b408500133d7fab774) Importer(815301076,1909f56bfc062723c751e8b465ee728b)
Start importing Assets/AssetImport/Main/Meshes,textures/Shops_FBX/Materials/Pole.mat using Guid(a91010901bdc49b408500133d7fab774) Importer(815301076,1909f56bfc062723c751e8b465ee728b)  -> (artifact id: '2e7463a206bdd438079614f776bfb03d') in 0.024575 seconds
Number of updated asset objects reloaded before import = 0
Number of asset objects unloaded after import = 1
========================================================================
Received Import Request.
  Time since last request: 33.850305 seconds.
  path: Assets/AssetImport/Main/Materials/Material_meshs/street 11.mat
  artifactKey: Guid(6ccb05ecd9cd79b4fbc6cf7019198d6b) Importer(815301076,1909f56bfc062723c751e8b465ee728b)
Start importing Assets/AssetImport/Main/Materials/Material_meshs/street 11.mat using Guid(6ccb05ecd9cd79b4fbc6cf7019198d6b) Importer(815301076,1909f56bfc062723c751e8b465ee728b)  -> (artifact id: 'd5011f69f047d966dfa288ea6b3e92da') in 0.098914 seconds
Number of updated asset objects reloaded before import = 0
Number of asset objects unloaded after import = 2
========================================================================
Received Import Request.
  Time since last request: 0.000514 seconds.
  path: Assets/AssetImport/Main/Meshes,textures/props_FBX/Materials/traffic light texture.mat
  artifactKey: Guid(2104027ea816d0f4fa469af3a5d85253) Importer(815301076,1909f56bfc062723c751e8b465ee728b)
Start importing Assets/AssetImport/Main/Meshes,textures/props_FBX/Materials/traffic light texture.mat using Guid(2104027ea816d0f4fa469af3a5d85253) Importer(815301076,1909f56bfc062723c751e8b465ee728b)  -> (artifact id: '9e1823ed46303855dafc1024f23d4fec') in 0.058417 seconds
Number of updated asset objects reloaded before import = 0
Number of asset objects unloaded after import = 2
========================================================================
Received Import Request.
  Time since last request: 0.000040 seconds.
  path: Assets/AssetImport/Main/Materials/Material_meshs/street 15.mat
  artifactKey: Guid(8fb5e0bbb6ab4fd4caa5feafd9ec8aee) Importer(815301076,1909f56bfc062723c751e8b465ee728b)
Start importing Assets/AssetImport/Main/Materials/Material_meshs/street 15.mat using Guid(8fb5e0bbb6ab4fd4caa5feafd9ec8aee) Importer(815301076,1909f56bfc062723c751e8b465ee728b)  -> (artifact id: '3824a2831d1dbaadc1b05c1ac19341ed') in 0.049534 seconds
Number of updated asset objects reloaded before import = 0
Number of asset objects unloaded after import = 2
========================================================================
Received Import Request.
  Time since last request: 0.000033 seconds.
  path: Assets/AssetImport/Main/Meshes,textures/ways_FBX/Materials/Street.008.mat
  artifactKey: Guid(58eb9a48986124d4cb11c696feb43f44) Importer(815301076,1909f56bfc062723c751e8b465ee728b)
Start importing Assets/AssetImport/Main/Meshes,textures/ways_FBX/Materials/Street.008.mat using Guid(58eb9a48986124d4cb11c696feb43f44) Importer(815301076,1909f56bfc062723c751e8b465ee728b)  -> (artifact id: '83a879763a64de9bbf0be74a186879cb') in 0.026691 seconds
Number of updated asset objects reloaded before import = 0
Number of asset objects unloaded after import = 1
========================================================================
Received Import Request.
  Time since last request: 0.000040 seconds.
  path: Assets/AssetImport/Main/Meshes,textures/props_FBX/Materials/televersion antenna.mat
  artifactKey: Guid(b6183d9c1ec5b4a459eb0a08657d18ed) Importer(815301076,1909f56bfc062723c751e8b465ee728b)
Start importing Assets/AssetImport/Main/Meshes,textures/props_FBX/Materials/televersion antenna.mat using Guid(b6183d9c1ec5b4a459eb0a08657d18ed) Importer(815301076,1909f56bfc062723c751e8b465ee728b)  -> (artifact id: '95f1f25e4d4d7b41bf2010be8d172464') in 0.023110 seconds
Number of updated asset objects reloaded before import = 0
Number of asset objects unloaded after import = 2
========================================================================
Received Import Request.
  Time since last request: 0.000028 seconds.
  path: Assets/AssetImport/Main/Materials/Material_meshs/StreetSellerStand.mat
  artifactKey: Guid(c1baf5e435b634d49bc79cba25df42a5) Importer(815301076,1909f56bfc062723c751e8b465ee728b)
Start importing Assets/AssetImport/Main/Materials/Material_meshs/StreetSellerStand.mat using Guid(c1baf5e435b634d49bc79cba25df42a5) Importer(815301076,1909f56bfc062723c751e8b465ee728b)  -> (artifact id: 'caec6d7862842fb1bd8f34d6b160ab89') in 0.039850 seconds
Number of updated asset objects reloaded before import = 0
Number of asset objects unloaded after import = 2
========================================================================
Received Import Request.
  Time since last request: 0.000027 seconds.
  path: Assets/AssetImport/Main/Materials/Material_meshs/street 12.mat
  artifactKey: Guid(2bc525635b15d14438a320ee5aaafaf0) Importer(815301076,1909f56bfc062723c751e8b465ee728b)
Start importing Assets/AssetImport/Main/Materials/Material_meshs/street 12.mat using Guid(2bc525635b15d14438a320ee5aaafaf0) Importer(815301076,1909f56bfc062723c751e8b465ee728b)  -> (artifact id: '43dcf208f770753672c8aa1108f1c75a') in 0.060449 seconds
Number of updated asset objects reloaded before import = 0
Number of asset objects unloaded after import = 2
========================================================================
Received Import Request.
  Time since last request: 0.000028 seconds.
  path: Assets/AssetImport/Main/Meshes,textures/Buildings_FBX/Materials/Windows 1.mat
  artifactKey: Guid(63f5b0a84c164de42b768e9c5bedaa7b) Importer(815301076,1909f56bfc062723c751e8b465ee728b)
Start importing Assets/AssetImport/Main/Meshes,textures/Buildings_FBX/Materials/Windows 1.mat using Guid(63f5b0a84c164de42b768e9c5bedaa7b) Importer(815301076,1909f56bfc062723c751e8b465ee728b)  -> (artifact id: '6e92a25d4702adb9e75638697760ac80') in 0.023446 seconds
Number of updated asset objects reloaded before import = 0
Number of asset objects unloaded after import = 1
========================================================================
Received Import Request.
  Time since last request: 0.000034 seconds.
  path: Assets/AssetImport/Main/Meshes,textures/ways_FBX/Materials/Street.006.mat
  artifactKey: Guid(db1e9477ba471f24189c7db0d02f0724) Importer(815301076,1909f56bfc062723c751e8b465ee728b)
Start importing Assets/AssetImport/Main/Meshes,textures/ways_FBX/Materials/Street.006.mat using Guid(db1e9477ba471f24189c7db0d02f0724) Importer(815301076,1909f56bfc062723c751e8b465ee728b)  -> (artifact id: '7187a903ce3e59fb808101fbee63eb19') in 0.023013 seconds
Number of updated asset objects reloaded before import = 0
Number of asset objects unloaded after import = 1
========================================================================
Received Import Request.
  Time since last request: 0.000098 seconds.
  path: Assets/AssetImport/Main/Meshes,textures/ways_FBX/Materials/Street.009.mat
  artifactKey: Guid(8adffa01688a160448a344d35f9f6e0b) Importer(815301076,1909f56bfc062723c751e8b465ee728b)
Start importing Assets/AssetImport/Main/Meshes,textures/ways_FBX/Materials/Street.009.mat using Guid(8adffa01688a160448a344d35f9f6e0b) Importer(815301076,1909f56bfc062723c751e8b465ee728b)  -> (artifact id: '867f97df6323b03577a40024a648cb03') in 0.026105 seconds
Number of updated asset objects reloaded before import = 0
Number of asset objects unloaded after import = 1
========================================================================
Received Import Request.
  Time since last request: 0.000030 seconds.
  path: Assets/AssetImport/Main/Meshes,textures/props_FBX/Materials/traffic obj.mat
  artifactKey: Guid(fdfdbc0bd1d961d489064e5adb71ddf5) Importer(815301076,1909f56bfc062723c751e8b465ee728b)
Start importing Assets/AssetImport/Main/Meshes,textures/props_FBX/Materials/traffic obj.mat using Guid(fdfdbc0bd1d961d489064e5adb71ddf5) Importer(815301076,1909f56bfc062723c751e8b465ee728b)  -> (artifact id: '99cd9e573dad3c18a26b87764760b4e7') in 0.023531 seconds
Number of updated asset objects reloaded before import = 0
Number of asset objects unloaded after import = 1
========================================================================
Received Import Request.
  Time since last request: 0.000033 seconds.
  path: Assets/AssetImport/Main/Materials/Material_meshs/street 16.mat
  artifactKey: Guid(c88e6f689c0b0244483582064ba31383) Importer(815301076,1909f56bfc062723c751e8b465ee728b)
Start importing Assets/AssetImport/Main/Materials/Material_meshs/street 16.mat using Guid(c88e6f689c0b0244483582064ba31383) Importer(815301076,1909f56bfc062723c751e8b465ee728b)  -> (artifact id: '7911c3140f7b5666627f5b7d16203029') in 0.054397 seconds
Number of updated asset objects reloaded before import = 0
Number of asset objects unloaded after import = 2
========================================================================
Received Import Request.
  Time since last request: 0.000031 seconds.
  path: Assets/AssetImport/Main/Meshes,textures/traffic signs FBX/Materials/traffic sign 2.mat
  artifactKey: Guid(e59be26149729bf46bf5e8e31f89c49a) Importer(815301076,1909f56bfc062723c751e8b465ee728b)
Start importing Assets/AssetImport/Main/Meshes,textures/traffic signs FBX/Materials/traffic sign 2.mat using Guid(e59be26149729bf46bf5e8e31f89c49a) Importer(815301076,1909f56bfc062723c751e8b465ee728b)  -> (artifact id: '3c645f5e177685c0d5c75812b4f3c75d') in 0.026087 seconds
Number of updated asset objects reloaded before import = 0
Number of asset objects unloaded after import = 1
========================================================================
Received Import Request.
  Time since last request: 0.000032 seconds.
  path: Assets/AssetImport/Main/Materials/Material_meshs/StreetSellerStand AD.mat
  artifactKey: Guid(a772bcb58f8935449a3219ec0e4bffa8) Importer(815301076,1909f56bfc062723c751e8b465ee728b)
Start importing Assets/AssetImport/Main/Materials/Material_meshs/StreetSellerStand AD.mat using Guid(a772bcb58f8935449a3219ec0e4bffa8) Importer(815301076,1909f56bfc062723c751e8b465ee728b)  -> (artifact id: '0f3a29354c94b800c7a8b2097d6a70c2') in 0.058776 seconds
Number of updated asset objects reloaded before import = 0
Number of asset objects unloaded after import = 2
========================================================================
Received Import Request.
  Time since last request: 0.000040 seconds.
  path: Assets/AssetImport/Main/Meshes,textures/props_FBX/Materials/texture.mat
  artifactKey: Guid(65a1f9930bef3234b88af8fb16117bc1) Importer(815301076,1909f56bfc062723c751e8b465ee728b)
Start importing Assets/AssetImport/Main/Meshes,textures/props_FBX/Materials/texture.mat using Guid(65a1f9930bef3234b88af8fb16117bc1) Importer(815301076,1909f56bfc062723c751e8b465ee728b)  -> (artifact id: '3f48f5c62400983e3daabda38998c8f7') in 0.023382 seconds
Number of updated asset objects reloaded before import = 0
Number of asset objects unloaded after import = 1
========================================================================
Received Import Request.
  Time since last request: 0.000072 seconds.
  path: Assets/AssetImport/Main/Meshes,textures/Buildings_FBX/Materials/Surface.mat
  artifactKey: Guid(448e52055f751fa4cb0157f9525e856f) Importer(815301076,1909f56bfc062723c751e8b465ee728b)
Start importing Assets/AssetImport/Main/Meshes,textures/Buildings_FBX/Materials/Surface.mat using Guid(448e52055f751fa4cb0157f9525e856f) Importer(815301076,1909f56bfc062723c751e8b465ee728b)  -> (artifact id: 'fc2c222b5f3577e6cc19b4e1cf0c88cd') in 0.024514 seconds
Number of updated asset objects reloaded before import = 0
Number of asset objects unloaded after import = 1
========================================================================
Received Import Request.
  Time since last request: 0.000027 seconds.
  path: Assets/AssetImport/Main/Meshes,textures/traffic signs FBX/Materials/traffic sign 3.mat
  artifactKey: Guid(03087cc91493a21408bb2c759ab030f5) Importer(815301076,1909f56bfc062723c751e8b465ee728b)
Start importing Assets/AssetImport/Main/Meshes,textures/traffic signs FBX/Materials/traffic sign 3.mat using Guid(03087cc91493a21408bb2c759ab030f5) Importer(815301076,1909f56bfc062723c751e8b465ee728b)  -> (artifact id: '9055870033ddf97e202daeff059414c3') in 0.035097 seconds
Number of updated asset objects reloaded before import = 0
Number of asset objects unloaded after import = 2
========================================================================
Received Import Request.
  Time since last request: 0.000033 seconds.
  path: Assets/AssetImport/Main/Meshes,textures/Buildings_FBX/Materials/terrace.mat
  artifactKey: Guid(994fa890466dd8b4b8329b0fff72c830) Importer(815301076,1909f56bfc062723c751e8b465ee728b)
Start importing Assets/AssetImport/Main/Meshes,textures/Buildings_FBX/Materials/terrace.mat using Guid(994fa890466dd8b4b8329b0fff72c830) Importer(815301076,1909f56bfc062723c751e8b465ee728b)  -> (artifact id: '59526cfd0272933922d39c864866165b') in 0.024067 seconds
Number of updated asset objects reloaded before import = 0
Number of asset objects unloaded after import = 1
========================================================================
Received Prepare
Begin MonoManager ReloadAssembly
- Loaded All Assemblies, in  1.832 seconds
Refreshing native plugins compatible for Editor in 4.33 ms, found 3 plugins.
Native extension for WindowsStandalone target not found
Native extension for iOS target not found
Native extension for WebGL target not found
[Package Manager] Server::EnsureServerProcessIsRunning -- launch failed, reason: Unity was launched with the -noUpm command-line argument
[Package Manager] UpmClient::Send -- Unable to send message (not connected to UPM process).
[Package Manager] Cannot connect to Unity Package Manager local server
Mono: successfully reloaded assembly
- Finished resetting the current domain, in  2.965 seconds
Domain Reload Profiling: 4794ms
	BeginReloadAssembly (693ms)
		ExecutionOrderSort (0ms)
		DisableScriptedObjects (25ms)
		BackupInstance (0ms)
		ReleaseScriptingObjects (1ms)
		CreateAndSetChildDomain (287ms)
	RebuildCommonClasses (87ms)
	RebuildNativeTypeToScriptingClass (37ms)
	initialDomainReloadingComplete (89ms)
	LoadAllAssembliesAndSetupDomain (922ms)
		LoadAssemblies (1151ms)
		RebuildTransferFunctionScriptingTraits (0ms)
		AnalyzeDomain (33ms)
			TypeCache.Refresh (16ms)
				TypeCache.ScanAssembly (0ms)
			ScanForSourceGeneratedMonoScriptInfo (0ms)
			ResolveRequiredComponents (14ms)
	FinalizeReload (2967ms)
		ReleaseScriptCaches (0ms)
		RebuildScriptCaches (0ms)
		SetupLoadedEditorAssemblies (1831ms)
			LogAssemblyErrors (0ms)
			InitializePlatformSupportModulesInManaged (79ms)
			SetLoadedEditorAssemblies (15ms)
			RefreshPlugins (0ms)
			BeforeProcessingInitializeOnLoad (267ms)
			ProcessInitializeOnLoadAttributes (1393ms)
			ProcessInitializeOnLoadMethodAttributes (52ms)
			AfterProcessingInitializeOnLoad (24ms)
			EditorAssembliesLoaded (1ms)
		ExecutionOrderSort2 (0ms)
		AwakeInstancesAfterBackupRestoration (17ms)
Refreshing native plugins compatible for Editor in 5.05 ms, found 3 plugins.
Preloading 0 native plugins for Editor in 0.00 ms.
Unloading 3093 Unused Serialized files (Serialized files now loaded: 0)
Unloading 23 unused Assets / (31.2 KB). Loaded Objects now: 3647.
Memory consumption went from 144.0 MB to 144.0 MB.
Total: 8.976500 ms (FindLiveObjects: 0.467900 ms CreateObjectMapping: 0.518600 ms MarkObjects: 7.539100 ms  DeleteObjects: 0.449200 ms)

Prepare: number of updated asset objects reloaded= 13
AssetImportParameters requested are different than current active one (requested -> active):
  custom:container-demuxer-ogg: 62fdf1f143b41e24485cea50d1cbac27 -> 
  custom:video-decoder-ogg-theora: a1e56fd34408186e4bbccfd4996cb3dc -> 
  custom:framework-win-MediaFoundation: 216162199b28c13a410421893ffa2e32 -> 
  custom:CustomObjectIndexerAttribute: 6d391050e5a25f67b0a2c618074f2cd9 -> 
  custom:container-demuxer-webm: 4f35f7cbe854078d1ac9338744f61a02 -> 
  custom:container-muxer-webm: aa71ff27fc2769a1b78a27578f13a17b -> 
  custom:video-decoder-webm-vp8: 9c59270c3fd7afecdb556c50c9e8de78 -> 
  custom:SearchIndexIgnoredProperties: e643bd26f0fe6173181afceb89e7c659 -> 
  custom:AudioImporter_EditorPlatform: d09bf68614088b80899f8185d706f6e7 -> 
  custom:video-encoder-webm-vp8: eb34c28f22e8b96e1ab97ce403110664 -> 
  custom:audio-decoder-ogg-vorbis: bf7c407c2cedff20999df2af8eb42d56 -> 
  custom:audio-encoder-webm-vorbis: bf7c407c2cedff20999df2af8eb42d56 -> 
